{"/Users/gleissonassis/Documents/github/boiler/src/business/userBO.js":{"path":"/Users/gleissonassis/Documents/github/boiler/src/business/userBO.js","s":{"1":1,"2":1,"3":1,"4":1,"5":6,"6":6,"7":6,"8":6,"9":6,"10":6,"11":20,"12":20,"13":20,"14":20,"15":20,"16":11,"17":4,"18":4,"19":4,"20":4,"21":4,"22":4,"23":4,"24":4,"25":4,"26":0,"27":4,"28":2,"29":2,"30":2,"31":2,"32":2,"33":2,"34":2,"35":2,"36":2,"37":2,"38":2,"39":1,"40":2,"41":2,"42":2,"43":2,"44":2,"45":0,"46":1,"47":1,"48":1,"49":1,"50":1,"51":1,"52":1,"53":1,"54":1,"55":1,"56":0,"57":1,"58":1,"59":0,"60":0,"61":0,"62":1,"63":5,"64":5,"65":5,"66":4,"67":1,"68":11,"69":11,"70":11,"71":0,"72":11,"73":11,"74":11,"75":10,"76":1,"77":7,"78":7,"79":7,"80":7,"81":7,"82":0,"83":0,"84":7,"85":11,"86":11,"87":11,"88":11,"89":10,"90":10,"91":10,"92":0,"93":10,"94":10,"95":10,"96":10,"97":0,"98":10,"99":2,"100":2,"101":2,"102":1,"103":0,"104":1,"105":1,"106":1,"107":1,"108":1,"109":0,"110":0,"111":0,"112":0,"113":0,"114":0,"115":0,"116":0,"117":0,"118":0,"119":0,"120":0,"121":0,"122":0,"123":0,"124":0,"125":0,"126":0,"127":0,"128":0,"129":0},"b":{"1":[4,0],"2":[2,0],"3":[1,1],"4":[1,0],"5":[1,0,0],"6":[0,1],"7":[4,1],"8":[0,11],"9":[11,11],"10":[10,1],"11":[0,7],"12":[10,0],"13":[10,0],"14":[0,1],"15":[1,0],"16":[0,0],"17":[0,0],"18":[0,0]},"f":{"1":6,"2":6,"3":20,"4":20,"5":20,"6":11,"7":4,"8":4,"9":4,"10":4,"11":2,"12":2,"13":2,"14":1,"15":1,"16":1,"17":1,"18":1,"19":1,"20":5,"21":5,"22":5,"23":11,"24":11,"25":11,"26":7,"27":7,"28":7,"29":11,"30":11,"31":10,"32":10,"33":10,"34":2,"35":2,"36":1,"37":1,"38":1,"39":1,"40":0,"41":0,"42":0,"43":0,"44":0,"45":0,"46":0,"47":0,"48":0},"fnMap":{"1":{"name":"(anonymous_1)","line":5,"loc":{"start":{"line":5,"column":17},"end":{"line":5,"column":40}}},"2":{"name":"(anonymous_2)","line":14,"loc":{"start":{"line":14,"column":11},"end":{"line":14,"column":22}}},"3":{"name":"(anonymous_3)","line":18,"loc":{"start":{"line":18,"column":12},"end":{"line":18,"column":40}}},"4":{"name":"(anonymous_4)","line":19,"loc":{"start":{"line":19,"column":25},"end":{"line":19,"column":51}}},"5":{"name":"(anonymous_5)","line":23,"loc":{"start":{"line":23,"column":16},"end":{"line":23,"column":28}}},"6":{"name":"(anonymous_6)","line":24,"loc":{"start":{"line":24,"column":26},"end":{"line":24,"column":41}}},"7":{"name":"(anonymous_7)","line":32,"loc":{"start":{"line":32,"column":34},"end":{"line":32,"column":51}}},"8":{"name":"(anonymous_8)","line":35,"loc":{"start":{"line":35,"column":25},"end":{"line":35,"column":51}}},"9":{"name":"(anonymous_9)","line":37,"loc":{"start":{"line":37,"column":16},"end":{"line":37,"column":31}}},"10":{"name":"(anonymous_10)","line":51,"loc":{"start":{"line":51,"column":16},"end":{"line":51,"column":28}}},"11":{"name":"(anonymous_11)","line":58,"loc":{"start":{"line":58,"column":10},"end":{"line":58,"column":27}}},"12":{"name":"(anonymous_12)","line":60,"loc":{"start":{"line":60,"column":25},"end":{"line":60,"column":51}}},"13":{"name":"(anonymous_13)","line":71,"loc":{"start":{"line":71,"column":16},"end":{"line":71,"column":31}}},"14":{"name":"(anonymous_14)","line":96,"loc":{"start":{"line":96,"column":16},"end":{"line":96,"column":28}}},"15":{"name":"(anonymous_15)","line":99,"loc":{"start":{"line":99,"column":16},"end":{"line":99,"column":28}}},"16":{"name":"(anonymous_16)","line":112,"loc":{"start":{"line":112,"column":12},"end":{"line":112,"column":29}}},"17":{"name":"(anonymous_17)","line":115,"loc":{"start":{"line":115,"column":25},"end":{"line":115,"column":51}}},"18":{"name":"(anonymous_18)","line":120,"loc":{"start":{"line":120,"column":16},"end":{"line":120,"column":31}}},"19":{"name":"(anonymous_19)","line":140,"loc":{"start":{"line":140,"column":16},"end":{"line":140,"column":28}}},"20":{"name":"(anonymous_20)","line":147,"loc":{"start":{"line":147,"column":13},"end":{"line":147,"column":37}}},"21":{"name":"(anonymous_21)","line":148,"loc":{"start":{"line":148,"column":25},"end":{"line":148,"column":51}}},"22":{"name":"(anonymous_22)","line":150,"loc":{"start":{"line":150,"column":16},"end":{"line":150,"column":31}}},"23":{"name":"(anonymous_23)","line":165,"loc":{"start":{"line":165,"column":16},"end":{"line":165,"column":42}}},"24":{"name":"(anonymous_24)","line":168,"loc":{"start":{"line":168,"column":25},"end":{"line":168,"column":51}}},"25":{"name":"(anonymous_25)","line":181,"loc":{"start":{"line":181,"column":18},"end":{"line":181,"column":34}}},"26":{"name":"(anonymous_26)","line":197,"loc":{"start":{"line":197,"column":16},"end":{"line":197,"column":43}}},"27":{"name":"(anonymous_27)","line":200,"loc":{"start":{"line":200,"column":25},"end":{"line":200,"column":51}}},"28":{"name":"(anonymous_28)","line":206,"loc":{"start":{"line":206,"column":16},"end":{"line":206,"column":32}}},"29":{"name":"(anonymous_29)","line":219,"loc":{"start":{"line":219,"column":19},"end":{"line":219,"column":51}}},"30":{"name":"(anonymous_30)","line":222,"loc":{"start":{"line":222,"column":25},"end":{"line":222,"column":51}}},"31":{"name":"(anonymous_31)","line":226,"loc":{"start":{"line":226,"column":16},"end":{"line":226,"column":28}}},"32":{"name":"(anonymous_32)","line":234,"loc":{"start":{"line":234,"column":16},"end":{"line":234,"column":27}}},"33":{"name":"(anonymous_33)","line":246,"loc":{"start":{"line":246,"column":16},"end":{"line":246,"column":31}}},"34":{"name":"(anonymous_34)","line":253,"loc":{"start":{"line":253,"column":12},"end":{"line":253,"column":25}}},"35":{"name":"(anonymous_35)","line":256,"loc":{"start":{"line":256,"column":25},"end":{"line":256,"column":51}}},"36":{"name":"(anonymous_36)","line":258,"loc":{"start":{"line":258,"column":16},"end":{"line":258,"column":31}}},"37":{"name":"(anonymous_37)","line":273,"loc":{"start":{"line":273,"column":21},"end":{"line":273,"column":34}}},"38":{"name":"(anonymous_38)","line":274,"loc":{"start":{"line":274,"column":25},"end":{"line":274,"column":51}}},"39":{"name":"(anonymous_39)","line":276,"loc":{"start":{"line":276,"column":16},"end":{"line":276,"column":31}}},"40":{"name":"(anonymous_40)","line":291,"loc":{"start":{"line":291,"column":17},"end":{"line":291,"column":45}}},"41":{"name":"(anonymous_41)","line":292,"loc":{"start":{"line":292,"column":25},"end":{"line":292,"column":51}}},"42":{"name":"(anonymous_42)","line":294,"loc":{"start":{"line":294,"column":16},"end":{"line":294,"column":31}}},"43":{"name":"(anonymous_43)","line":309,"loc":{"start":{"line":309,"column":19},"end":{"line":309,"column":62}}},"44":{"name":"(anonymous_44)","line":310,"loc":{"start":{"line":310,"column":25},"end":{"line":310,"column":51}}},"45":{"name":"(anonymous_45)","line":312,"loc":{"start":{"line":312,"column":16},"end":{"line":312,"column":31}}},"46":{"name":"(anonymous_46)","line":327,"loc":{"start":{"line":327,"column":22},"end":{"line":327,"column":37}}},"47":{"name":"(anonymous_47)","line":330,"loc":{"start":{"line":330,"column":25},"end":{"line":330,"column":51}}},"48":{"name":"(anonymous_48)","line":334,"loc":{"start":{"line":334,"column":16},"end":{"line":334,"column":31}}}},"statementMap":{"1":{"start":{"line":1,"column":0},"end":{"line":1,"column":41}},"2":{"start":{"line":2,"column":0},"end":{"line":2,"column":48}},"3":{"start":{"line":3,"column":0},"end":{"line":3,"column":50}},"4":{"start":{"line":5,"column":0},"end":{"line":352,"column":2}},"5":{"start":{"line":6,"column":2},"end":{"line":6,"column":37}},"6":{"start":{"line":7,"column":2},"end":{"line":7,"column":41}},"7":{"start":{"line":8,"column":2},"end":{"line":8,"column":45}},"8":{"start":{"line":9,"column":2},"end":{"line":9,"column":51}},"9":{"start":{"line":11,"column":2},"end":{"line":351,"column":4}},"10":{"start":{"line":15,"column":6},"end":{"line":15,"column":29}},"11":{"start":{"line":19,"column":6},"end":{"line":29,"column":9}},"12":{"start":{"line":20,"column":8},"end":{"line":20,"column":32}},"13":{"start":{"line":21,"column":8},"end":{"line":21,"column":60}},"14":{"start":{"line":22,"column":8},"end":{"line":28,"column":25}},"15":{"start":{"line":24,"column":12},"end":{"line":26,"column":16}},"16":{"start":{"line":25,"column":14},"end":{"line":25,"column":49}},"17":{"start":{"line":33,"column":6},"end":{"line":33,"column":22}},"18":{"start":{"line":35,"column":6},"end":{"line":55,"column":9}},"19":{"start":{"line":36,"column":8},"end":{"line":54,"column":25}},"20":{"start":{"line":38,"column":12},"end":{"line":49,"column":13}},"21":{"start":{"line":39,"column":14},"end":{"line":39,"column":84}},"22":{"start":{"line":40,"column":14},"end":{"line":40,"column":56}},"23":{"start":{"line":41,"column":14},"end":{"line":41,"column":48}},"24":{"start":{"line":42,"column":14},"end":{"line":42,"column":73}},"25":{"start":{"line":43,"column":14},"end":{"line":43,"column":37}},"26":{"start":{"line":45,"column":14},"end":{"line":48,"column":16}},"27":{"start":{"line":52,"column":12},"end":{"line":52,"column":46}},"28":{"start":{"line":59,"column":6},"end":{"line":59,"column":22}},"29":{"start":{"line":60,"column":6},"end":{"line":109,"column":9}},"30":{"start":{"line":61,"column":8},"end":{"line":61,"column":35}},"31":{"start":{"line":64,"column":8},"end":{"line":64,"column":84}},"32":{"start":{"line":65,"column":8},"end":{"line":65,"column":80}},"33":{"start":{"line":66,"column":8},"end":{"line":68,"column":40}},"34":{"start":{"line":70,"column":8},"end":{"line":108,"column":25}},"35":{"start":{"line":72,"column":12},"end":{"line":94,"column":13}},"36":{"start":{"line":73,"column":14},"end":{"line":73,"column":84}},"37":{"start":{"line":74,"column":14},"end":{"line":74,"column":56}},"38":{"start":{"line":75,"column":14},"end":{"line":77,"column":15}},"39":{"start":{"line":76,"column":16},"end":{"line":76,"column":50}},"40":{"start":{"line":79,"column":14},"end":{"line":79,"column":59}},"41":{"start":{"line":80,"column":14},"end":{"line":83,"column":16}},"42":{"start":{"line":84,"column":14},"end":{"line":84,"column":71}},"43":{"start":{"line":86,"column":14},"end":{"line":86,"column":73}},"44":{"start":{"line":88,"column":14},"end":{"line":88,"column":37}},"45":{"start":{"line":90,"column":14},"end":{"line":93,"column":16}},"46":{"start":{"line":97,"column":12},"end":{"line":97,"column":44}},"47":{"start":{"line":101,"column":12},"end":{"line":104,"column":15}},"48":{"start":{"line":105,"column":12},"end":{"line":105,"column":21}},"49":{"start":{"line":113,"column":6},"end":{"line":113,"column":22}},"50":{"start":{"line":115,"column":6},"end":{"line":144,"column":9}},"51":{"start":{"line":116,"column":8},"end":{"line":116,"column":64}},"52":{"start":{"line":118,"column":8},"end":{"line":118,"column":51}},"53":{"start":{"line":119,"column":8},"end":{"line":143,"column":25}},"54":{"start":{"line":121,"column":12},"end":{"line":138,"column":13}},"55":{"start":{"line":122,"column":14},"end":{"line":124,"column":15}},"56":{"start":{"line":123,"column":16},"end":{"line":123,"column":45}},"57":{"start":{"line":127,"column":14},"end":{"line":127,"column":62}},"58":{"start":{"line":129,"column":14},"end":{"line":129,"column":39}},"59":{"start":{"line":131,"column":14},"end":{"line":131,"column":49}},"60":{"start":{"line":132,"column":14},"end":{"line":132,"column":53}},"61":{"start":{"line":134,"column":14},"end":{"line":137,"column":16}},"62":{"start":{"line":141,"column":12},"end":{"line":141,"column":46}},"63":{"start":{"line":148,"column":6},"end":{"line":162,"column":9}},"64":{"start":{"line":149,"column":8},"end":{"line":161,"column":25}},"65":{"start":{"line":151,"column":12},"end":{"line":158,"column":13}},"66":{"start":{"line":152,"column":14},"end":{"line":152,"column":49}},"67":{"start":{"line":154,"column":14},"end":{"line":157,"column":16}},"68":{"start":{"line":166,"column":6},"end":{"line":166,"column":22}},"69":{"start":{"line":168,"column":6},"end":{"line":194,"column":9}},"70":{"start":{"line":169,"column":8},"end":{"line":193,"column":9}},"71":{"start":{"line":170,"column":10},"end":{"line":173,"column":13}},"72":{"start":{"line":175,"column":10},"end":{"line":178,"column":12}},"73":{"start":{"line":180,"column":10},"end":{"line":192,"column":27}},"74":{"start":{"line":182,"column":14},"end":{"line":189,"column":15}},"75":{"start":{"line":183,"column":16},"end":{"line":183,"column":32}},"76":{"start":{"line":185,"column":16},"end":{"line":188,"column":18}},"77":{"start":{"line":198,"column":6},"end":{"line":198,"column":22}},"78":{"start":{"line":200,"column":6},"end":{"line":216,"column":9}},"79":{"start":{"line":201,"column":8},"end":{"line":203,"column":10}},"80":{"start":{"line":205,"column":8},"end":{"line":215,"column":25}},"81":{"start":{"line":207,"column":12},"end":{"line":212,"column":13}},"82":{"start":{"line":208,"column":14},"end":{"line":208,"column":75}},"83":{"start":{"line":209,"column":14},"end":{"line":209,"column":30}},"84":{"start":{"line":211,"column":14},"end":{"line":211,"column":26}},"85":{"start":{"line":220,"column":6},"end":{"line":220,"column":22}},"86":{"start":{"line":222,"column":6},"end":{"line":250,"column":9}},"87":{"start":{"line":223,"column":8},"end":{"line":223,"column":24}},"88":{"start":{"line":225,"column":8},"end":{"line":249,"column":25}},"89":{"start":{"line":227,"column":12},"end":{"line":227,"column":21}},"90":{"start":{"line":228,"column":12},"end":{"line":232,"column":13}},"91":{"start":{"line":229,"column":14},"end":{"line":229,"column":81}},"92":{"start":{"line":231,"column":14},"end":{"line":231,"column":26}},"93":{"start":{"line":235,"column":12},"end":{"line":244,"column":13}},"94":{"start":{"line":236,"column":14},"end":{"line":236,"column":49}},"95":{"start":{"line":237,"column":14},"end":{"line":237,"column":55}},"96":{"start":{"line":238,"column":14},"end":{"line":238,"column":26}},"97":{"start":{"line":240,"column":14},"end":{"line":243,"column":16}},"98":{"start":{"line":247,"column":12},"end":{"line":247,"column":49}},"99":{"start":{"line":254,"column":6},"end":{"line":254,"column":22}},"100":{"start":{"line":256,"column":6},"end":{"line":270,"column":9}},"101":{"start":{"line":257,"column":8},"end":{"line":269,"column":25}},"102":{"start":{"line":259,"column":12},"end":{"line":266,"column":13}},"103":{"start":{"line":260,"column":14},"end":{"line":263,"column":16}},"104":{"start":{"line":265,"column":14},"end":{"line":265,"column":41}},"105":{"start":{"line":274,"column":6},"end":{"line":288,"column":9}},"106":{"start":{"line":275,"column":8},"end":{"line":287,"column":25}},"107":{"start":{"line":277,"column":12},"end":{"line":284,"column":13}},"108":{"start":{"line":278,"column":14},"end":{"line":278,"column":39}},"109":{"start":{"line":280,"column":14},"end":{"line":283,"column":16}},"110":{"start":{"line":292,"column":6},"end":{"line":306,"column":9}},"111":{"start":{"line":293,"column":8},"end":{"line":305,"column":25}},"112":{"start":{"line":295,"column":12},"end":{"line":302,"column":13}},"113":{"start":{"line":296,"column":14},"end":{"line":296,"column":60}},"114":{"start":{"line":298,"column":14},"end":{"line":301,"column":16}},"115":{"start":{"line":310,"column":6},"end":{"line":324,"column":9}},"116":{"start":{"line":311,"column":8},"end":{"line":323,"column":25}},"117":{"start":{"line":313,"column":12},"end":{"line":320,"column":13}},"118":{"start":{"line":314,"column":14},"end":{"line":314,"column":103}},"119":{"start":{"line":316,"column":14},"end":{"line":319,"column":16}},"120":{"start":{"line":328,"column":6},"end":{"line":328,"column":22}},"121":{"start":{"line":330,"column":6},"end":{"line":349,"column":9}},"122":{"start":{"line":331,"column":8},"end":{"line":331,"column":80}},"123":{"start":{"line":333,"column":8},"end":{"line":348,"column":25}},"124":{"start":{"line":335,"column":12},"end":{"line":335,"column":88}},"125":{"start":{"line":336,"column":12},"end":{"line":345,"column":13}},"126":{"start":{"line":337,"column":14},"end":{"line":337,"column":55}},"127":{"start":{"line":338,"column":14},"end":{"line":338,"column":62}},"128":{"start":{"line":339,"column":14},"end":{"line":339,"column":26}},"129":{"start":{"line":341,"column":14},"end":{"line":344,"column":16}}},"branchMap":{"1":{"line":38,"type":"if","locations":[{"start":{"line":38,"column":12},"end":{"line":38,"column":12}},{"start":{"line":38,"column":12},"end":{"line":38,"column":12}}]},"2":{"line":72,"type":"if","locations":[{"start":{"line":72,"column":12},"end":{"line":72,"column":12}},{"start":{"line":72,"column":12},"end":{"line":72,"column":12}}]},"3":{"line":75,"type":"if","locations":[{"start":{"line":75,"column":14},"end":{"line":75,"column":14}},{"start":{"line":75,"column":14},"end":{"line":75,"column":14}}]},"4":{"line":121,"type":"if","locations":[{"start":{"line":121,"column":12},"end":{"line":121,"column":12}},{"start":{"line":121,"column":12},"end":{"line":121,"column":12}}]},"5":{"line":121,"type":"binary-expr","locations":[{"start":{"line":121,"column":16},"end":{"line":121,"column":21}},{"start":{"line":121,"column":26},"end":{"line":121,"column":30}},{"start":{"line":121,"column":34},"end":{"line":121,"column":55}}]},"6":{"line":122,"type":"if","locations":[{"start":{"line":122,"column":14},"end":{"line":122,"column":14}},{"start":{"line":122,"column":14},"end":{"line":122,"column":14}}]},"7":{"line":151,"type":"if","locations":[{"start":{"line":151,"column":12},"end":{"line":151,"column":12}},{"start":{"line":151,"column":12},"end":{"line":151,"column":12}}]},"8":{"line":169,"type":"if","locations":[{"start":{"line":169,"column":8},"end":{"line":169,"column":8}},{"start":{"line":169,"column":8},"end":{"line":169,"column":8}}]},"9":{"line":169,"type":"binary-expr","locations":[{"start":{"line":169,"column":12},"end":{"line":169,"column":18}},{"start":{"line":169,"column":22},"end":{"line":169,"column":31}}]},"10":{"line":182,"type":"if","locations":[{"start":{"line":182,"column":14},"end":{"line":182,"column":14}},{"start":{"line":182,"column":14},"end":{"line":182,"column":14}}]},"11":{"line":207,"type":"if","locations":[{"start":{"line":207,"column":12},"end":{"line":207,"column":12}},{"start":{"line":207,"column":12},"end":{"line":207,"column":12}}]},"12":{"line":228,"type":"if","locations":[{"start":{"line":228,"column":12},"end":{"line":228,"column":12}},{"start":{"line":228,"column":12},"end":{"line":228,"column":12}}]},"13":{"line":235,"type":"if","locations":[{"start":{"line":235,"column":12},"end":{"line":235,"column":12}},{"start":{"line":235,"column":12},"end":{"line":235,"column":12}}]},"14":{"line":259,"type":"if","locations":[{"start":{"line":259,"column":12},"end":{"line":259,"column":12}},{"start":{"line":259,"column":12},"end":{"line":259,"column":12}}]},"15":{"line":277,"type":"if","locations":[{"start":{"line":277,"column":12},"end":{"line":277,"column":12}},{"start":{"line":277,"column":12},"end":{"line":277,"column":12}}]},"16":{"line":295,"type":"if","locations":[{"start":{"line":295,"column":12},"end":{"line":295,"column":12}},{"start":{"line":295,"column":12},"end":{"line":295,"column":12}}]},"17":{"line":313,"type":"if","locations":[{"start":{"line":313,"column":12},"end":{"line":313,"column":12}},{"start":{"line":313,"column":12},"end":{"line":313,"column":12}}]},"18":{"line":336,"type":"if","locations":[{"start":{"line":336,"column":12},"end":{"line":336,"column":12}},{"start":{"line":336,"column":12},"end":{"line":336,"column":12}}]}}},"/Users/gleissonassis/Documents/github/boiler/src/helpers/md5.js":{"path":"/Users/gleissonassis/Documents/github/boiler/src/helpers/md5.js","s":{"1":1,"2":1,"3":21},"b":{},"f":{"1":21},"fnMap":{"1":{"name":"(anonymous_1)","line":3,"loc":{"start":{"line":3,"column":17},"end":{"line":3,"column":32}}}},"statementMap":{"1":{"start":{"line":1,"column":0},"end":{"line":1,"column":31}},"2":{"start":{"line":3,"column":0},"end":{"line":5,"column":2}},"3":{"start":{"line":4,"column":2},"end":{"line":4,"column":61}}},"branchMap":{}},"/Users/gleissonassis/Documents/github/boiler/src/config/logger.js":{"path":"/Users/gleissonassis/Documents/github/boiler/src/config/logger.js","s":{"1":1,"2":1,"3":1},"b":{},"f":{},"fnMap":{},"statementMap":{"1":{"start":{"line":1,"column":0},"end":{"line":1,"column":32}},"2":{"start":{"line":2,"column":0},"end":{"line":2,"column":23}},"3":{"start":{"line":4,"column":0},"end":{"line":4,"column":24}}},"branchMap":{}},"/Users/gleissonassis/Documents/github/boiler/src/business/mailTemplateBO.js":{"path":"/Users/gleissonassis/Documents/github/boiler/src/business/mailTemplateBO.js","s":{"1":1,"2":1,"3":1,"4":4,"5":4,"6":4,"7":2,"8":7,"9":7,"10":7,"11":7,"12":7,"13":3,"14":1,"15":1,"16":1,"17":1,"18":1,"19":1,"20":1,"21":1,"22":0,"23":1,"24":1,"25":1,"26":1,"27":1,"28":1,"29":1,"30":0,"31":1,"32":2,"33":2,"34":2,"35":1,"36":1,"37":3,"38":3,"39":3,"40":3,"41":3,"42":0,"43":0,"44":3,"45":1,"46":1,"47":1,"48":1,"49":0,"50":1},"b":{"1":[1,0],"2":[1,0],"3":[1,0,0],"4":[1,1],"5":[0,3],"6":[0,1]},"f":{"1":4,"2":2,"3":7,"4":7,"5":7,"6":3,"7":1,"8":1,"9":1,"10":1,"11":1,"12":1,"13":1,"14":1,"15":2,"16":2,"17":2,"18":3,"19":3,"20":3,"21":1,"22":1,"23":1},"fnMap":{"1":{"name":"(anonymous_1)","line":4,"loc":{"start":{"line":4,"column":17},"end":{"line":4,"column":40}}},"2":{"name":"(anonymous_2)","line":11,"loc":{"start":{"line":11,"column":11},"end":{"line":11,"column":22}}},"3":{"name":"(anonymous_3)","line":15,"loc":{"start":{"line":15,"column":12},"end":{"line":15,"column":29}}},"4":{"name":"(anonymous_4)","line":16,"loc":{"start":{"line":16,"column":25},"end":{"line":16,"column":51}}},"5":{"name":"(anonymous_5)","line":20,"loc":{"start":{"line":20,"column":16},"end":{"line":20,"column":28}}},"6":{"name":"(anonymous_6)","line":21,"loc":{"start":{"line":21,"column":26},"end":{"line":21,"column":41}}},"7":{"name":"(anonymous_7)","line":29,"loc":{"start":{"line":29,"column":10},"end":{"line":29,"column":27}}},"8":{"name":"(anonymous_8)","line":32,"loc":{"start":{"line":32,"column":25},"end":{"line":32,"column":51}}},"9":{"name":"(anonymous_9)","line":34,"loc":{"start":{"line":34,"column":16},"end":{"line":34,"column":39}}},"10":{"name":"(anonymous_10)","line":47,"loc":{"start":{"line":47,"column":16},"end":{"line":47,"column":28}}},"11":{"name":"(anonymous_11)","line":54,"loc":{"start":{"line":54,"column":12},"end":{"line":54,"column":29}}},"12":{"name":"(anonymous_12)","line":57,"loc":{"start":{"line":57,"column":25},"end":{"line":57,"column":51}}},"13":{"name":"(anonymous_13)","line":60,"loc":{"start":{"line":60,"column":16},"end":{"line":60,"column":39}}},"14":{"name":"(anonymous_14)","line":70,"loc":{"start":{"line":70,"column":16},"end":{"line":70,"column":28}}},"15":{"name":"(anonymous_15)","line":77,"loc":{"start":{"line":77,"column":13},"end":{"line":77,"column":26}}},"16":{"name":"(anonymous_16)","line":78,"loc":{"start":{"line":78,"column":25},"end":{"line":78,"column":51}}},"17":{"name":"(anonymous_17)","line":80,"loc":{"start":{"line":80,"column":16},"end":{"line":80,"column":39}}},"18":{"name":"(anonymous_18)","line":95,"loc":{"start":{"line":95,"column":14},"end":{"line":95,"column":28}}},"19":{"name":"(anonymous_19)","line":98,"loc":{"start":{"line":98,"column":25},"end":{"line":98,"column":51}}},"20":{"name":"(anonymous_20)","line":104,"loc":{"start":{"line":104,"column":16},"end":{"line":104,"column":40}}},"21":{"name":"(anonymous_21)","line":117,"loc":{"start":{"line":117,"column":12},"end":{"line":117,"column":25}}},"22":{"name":"(anonymous_22)","line":120,"loc":{"start":{"line":120,"column":25},"end":{"line":120,"column":51}}},"23":{"name":"(anonymous_23)","line":122,"loc":{"start":{"line":122,"column":16},"end":{"line":122,"column":39}}}},"statementMap":{"1":{"start":{"line":1,"column":0},"end":{"line":1,"column":41}},"2":{"start":{"line":2,"column":0},"end":{"line":2,"column":50}},"3":{"start":{"line":4,"column":0},"end":{"line":137,"column":2}},"4":{"start":{"line":5,"column":2},"end":{"line":5,"column":53}},"5":{"start":{"line":6,"column":2},"end":{"line":6,"column":45}},"6":{"start":{"line":8,"column":2},"end":{"line":136,"column":4}},"7":{"start":{"line":12,"column":6},"end":{"line":12,"column":37}},"8":{"start":{"line":16,"column":6},"end":{"line":26,"column":9}},"9":{"start":{"line":17,"column":8},"end":{"line":17,"column":32}},"10":{"start":{"line":18,"column":8},"end":{"line":18,"column":69}},"11":{"start":{"line":19,"column":8},"end":{"line":25,"column":25}},"12":{"start":{"line":21,"column":12},"end":{"line":23,"column":16}},"13":{"start":{"line":22,"column":14},"end":{"line":22,"column":45}},"14":{"start":{"line":30,"column":6},"end":{"line":30,"column":22}},"15":{"start":{"line":32,"column":6},"end":{"line":51,"column":9}},"16":{"start":{"line":33,"column":8},"end":{"line":50,"column":25}},"17":{"start":{"line":35,"column":12},"end":{"line":45,"column":13}},"18":{"start":{"line":36,"column":14},"end":{"line":36,"column":89}},"19":{"start":{"line":37,"column":14},"end":{"line":37,"column":56}},"20":{"start":{"line":38,"column":14},"end":{"line":38,"column":73}},"21":{"start":{"line":39,"column":14},"end":{"line":39,"column":45}},"22":{"start":{"line":41,"column":14},"end":{"line":44,"column":16}},"23":{"start":{"line":48,"column":12},"end":{"line":48,"column":42}},"24":{"start":{"line":55,"column":6},"end":{"line":55,"column":22}},"25":{"start":{"line":57,"column":6},"end":{"line":74,"column":9}},"26":{"start":{"line":58,"column":8},"end":{"line":58,"column":51}},"27":{"start":{"line":59,"column":8},"end":{"line":73,"column":25}},"28":{"start":{"line":61,"column":12},"end":{"line":68,"column":13}},"29":{"start":{"line":62,"column":14},"end":{"line":62,"column":47}},"30":{"start":{"line":64,"column":14},"end":{"line":67,"column":16}},"31":{"start":{"line":71,"column":12},"end":{"line":71,"column":42}},"32":{"start":{"line":78,"column":6},"end":{"line":92,"column":9}},"33":{"start":{"line":79,"column":8},"end":{"line":91,"column":25}},"34":{"start":{"line":81,"column":12},"end":{"line":88,"column":13}},"35":{"start":{"line":82,"column":14},"end":{"line":82,"column":53}},"36":{"start":{"line":84,"column":14},"end":{"line":87,"column":16}},"37":{"start":{"line":96,"column":6},"end":{"line":96,"column":22}},"38":{"start":{"line":98,"column":6},"end":{"line":114,"column":9}},"39":{"start":{"line":99,"column":8},"end":{"line":101,"column":10}},"40":{"start":{"line":103,"column":8},"end":{"line":113,"column":25}},"41":{"start":{"line":105,"column":12},"end":{"line":110,"column":13}},"42":{"start":{"line":106,"column":14},"end":{"line":106,"column":90}},"43":{"start":{"line":107,"column":14},"end":{"line":107,"column":38}},"44":{"start":{"line":109,"column":14},"end":{"line":109,"column":26}},"45":{"start":{"line":118,"column":6},"end":{"line":118,"column":22}},"46":{"start":{"line":120,"column":6},"end":{"line":134,"column":9}},"47":{"start":{"line":121,"column":8},"end":{"line":133,"column":25}},"48":{"start":{"line":123,"column":12},"end":{"line":130,"column":13}},"49":{"start":{"line":124,"column":14},"end":{"line":127,"column":16}},"50":{"start":{"line":129,"column":14},"end":{"line":129,"column":49}}},"branchMap":{"1":{"line":35,"type":"if","locations":[{"start":{"line":35,"column":12},"end":{"line":35,"column":12}},{"start":{"line":35,"column":12},"end":{"line":35,"column":12}}]},"2":{"line":61,"type":"if","locations":[{"start":{"line":61,"column":12},"end":{"line":61,"column":12}},{"start":{"line":61,"column":12},"end":{"line":61,"column":12}}]},"3":{"line":61,"type":"binary-expr","locations":[{"start":{"line":61,"column":16},"end":{"line":61,"column":29}},{"start":{"line":61,"column":34},"end":{"line":61,"column":46}},{"start":{"line":61,"column":50},"end":{"line":61,"column":79}}]},"4":{"line":81,"type":"if","locations":[{"start":{"line":81,"column":12},"end":{"line":81,"column":12}},{"start":{"line":81,"column":12},"end":{"line":81,"column":12}}]},"5":{"line":105,"type":"if","locations":[{"start":{"line":105,"column":12},"end":{"line":105,"column":12}},{"start":{"line":105,"column":12},"end":{"line":105,"column":12}}]},"6":{"line":123,"type":"if","locations":[{"start":{"line":123,"column":12},"end":{"line":123,"column":12}},{"start":{"line":123,"column":12},"end":{"line":123,"column":12}}]}}},"/Users/gleissonassis/Documents/github/boiler/src/daos/daoFactory.js":{"path":"/Users/gleissonassis/Documents/github/boiler/src/daos/daoFactory.js","s":{"1":1,"2":1,"3":1,"4":1,"5":13,"6":6,"7":3,"8":4,"9":0},"b":{"1":[6,3,4,0]},"f":{"1":13},"fnMap":{"1":{"name":"(anonymous_1)","line":6,"loc":{"start":{"line":6,"column":10},"end":{"line":6,"column":24}}}},"statementMap":{"1":{"start":{"line":1,"column":0},"end":{"line":1,"column":47}},"2":{"start":{"line":2,"column":0},"end":{"line":2,"column":55}},"3":{"start":{"line":3,"column":0},"end":{"line":3,"column":48}},"4":{"start":{"line":5,"column":0},"end":{"line":18,"column":2}},"5":{"start":{"line":7,"column":4},"end":{"line":16,"column":5}},"6":{"start":{"line":9,"column":8},"end":{"line":9,"column":29}},"7":{"start":{"line":11,"column":8},"end":{"line":11,"column":30}},"8":{"start":{"line":13,"column":8},"end":{"line":13,"column":37}},"9":{"start":{"line":15,"column":8},"end":{"line":15,"column":20}}},"branchMap":{"1":{"line":7,"type":"switch","locations":[{"start":{"line":8,"column":6},"end":{"line":9,"column":29}},{"start":{"line":10,"column":6},"end":{"line":11,"column":30}},{"start":{"line":12,"column":6},"end":{"line":13,"column":37}},{"start":{"line":14,"column":6},"end":{"line":15,"column":20}}]}}},"/Users/gleissonassis/Documents/github/boiler/src/daos/userDAO.js":{"path":"/Users/gleissonassis/Documents/github/boiler/src/daos/userDAO.js","s":{"1":1,"2":1,"3":1,"4":1,"5":1,"6":6,"7":6,"8":6,"9":6,"10":6,"11":6,"12":0,"13":0,"14":6,"15":6,"16":31,"17":31,"18":31,"19":31,"20":17,"21":14,"22":31,"23":1,"24":31,"25":31,"26":31,"27":31,"28":31,"29":0,"30":0,"31":6,"32":6,"33":6,"34":6,"35":5,"36":5,"37":1,"38":1,"39":1,"40":1,"41":1,"42":1,"43":1,"44":1,"45":0,"46":0,"47":11,"48":11,"49":11,"50":11,"51":11,"52":11,"53":1,"54":1,"55":10,"56":10,"57":0,"58":0,"59":0,"60":0,"61":0,"62":0,"63":0,"64":0,"65":0,"66":0,"67":0,"68":0,"69":0,"70":0,"71":0,"72":0,"73":0,"74":0,"75":0,"76":0,"77":0,"78":0,"79":0,"80":0,"81":0,"82":0,"83":1,"84":1,"85":1,"86":1,"87":1,"88":0,"89":0,"90":10,"91":10,"92":10,"93":10,"94":10,"95":10,"96":10,"97":0,"98":0},"b":{"1":[0,6],"2":[17,14],"3":[1,30],"4":[1,10],"5":[0,0],"6":[0,0]},"f":{"1":6,"2":6,"3":6,"4":6,"5":31,"6":31,"7":31,"8":0,"9":6,"10":6,"11":5,"12":1,"13":1,"14":1,"15":1,"16":0,"17":11,"18":11,"19":11,"20":0,"21":0,"22":0,"23":0,"24":0,"25":0,"26":0,"27":0,"28":0,"29":0,"30":0,"31":1,"32":1,"33":1,"34":0,"35":10,"36":10,"37":10,"38":0},"fnMap":{"1":{"name":"(anonymous_1)","line":6,"loc":{"start":{"line":6,"column":17},"end":{"line":6,"column":28}}},"2":{"name":"(anonymous_2)","line":26,"loc":{"start":{"line":26,"column":11},"end":{"line":26,"column":22}}},"3":{"name":"(anonymous_3)","line":27,"loc":{"start":{"line":27,"column":25},"end":{"line":27,"column":51}}},"4":{"name":"(anonymous_4)","line":28,"loc":{"start":{"line":28,"column":25},"end":{"line":28,"column":39}}},"5":{"name":"(anonymous_5)","line":40,"loc":{"start":{"line":40,"column":12},"end":{"line":40,"column":61}}},"6":{"name":"(anonymous_6)","line":41,"loc":{"start":{"line":41,"column":25},"end":{"line":41,"column":51}}},"7":{"name":"(anonymous_7)","line":62,"loc":{"start":{"line":62,"column":16},"end":{"line":62,"column":32}}},"8":{"name":"(anonymous_8)","line":65,"loc":{"start":{"line":65,"column":19},"end":{"line":65,"column":34}}},"9":{"name":"(anonymous_9)","line":72,"loc":{"start":{"line":72,"column":10},"end":{"line":72,"column":27}}},"10":{"name":"(anonymous_10)","line":74,"loc":{"start":{"line":74,"column":25},"end":{"line":74,"column":51}}},"11":{"name":"(anonymous_11)","line":77,"loc":{"start":{"line":77,"column":14},"end":{"line":77,"column":29}}},"12":{"name":"(anonymous_12)","line":82,"loc":{"start":{"line":82,"column":15},"end":{"line":82,"column":31}}},"13":{"name":"(anonymous_13)","line":93,"loc":{"start":{"line":93,"column":12},"end":{"line":93,"column":29}}},"14":{"name":"(anonymous_14)","line":94,"loc":{"start":{"line":94,"column":25},"end":{"line":94,"column":51}}},"15":{"name":"(anonymous_15)","line":98,"loc":{"start":{"line":98,"column":14},"end":{"line":98,"column":29}}},"16":{"name":"(anonymous_16)","line":102,"loc":{"start":{"line":102,"column":17},"end":{"line":102,"column":33}}},"17":{"name":"(anonymous_17)","line":112,"loc":{"start":{"line":112,"column":13},"end":{"line":112,"column":58}}},"18":{"name":"(anonymous_18)","line":114,"loc":{"start":{"line":114,"column":25},"end":{"line":114,"column":51}}},"19":{"name":"(anonymous_19)","line":119,"loc":{"start":{"line":119,"column":14},"end":{"line":119,"column":30}}},"20":{"name":"(anonymous_20)","line":127,"loc":{"start":{"line":127,"column":17},"end":{"line":127,"column":32}}},"21":{"name":"(anonymous_21)","line":134,"loc":{"start":{"line":134,"column":26},"end":{"line":134,"column":56}}},"22":{"name":"(anonymous_22)","line":136,"loc":{"start":{"line":136,"column":25},"end":{"line":136,"column":51}}},"23":{"name":"(anonymous_23)","line":140,"loc":{"start":{"line":140,"column":14},"end":{"line":140,"column":30}}},"24":{"name":"(anonymous_24)","line":150,"loc":{"start":{"line":150,"column":15},"end":{"line":150,"column":30}}},"25":{"name":"(anonymous_25)","line":157,"loc":{"start":{"line":157,"column":22},"end":{"line":157,"column":48}}},"26":{"name":"(anonymous_26)","line":159,"loc":{"start":{"line":159,"column":25},"end":{"line":159,"column":51}}},"27":{"name":"(anonymous_27)","line":163,"loc":{"start":{"line":163,"column":14},"end":{"line":163,"column":30}}},"28":{"name":"(anonymous_28)","line":173,"loc":{"start":{"line":173,"column":15},"end":{"line":173,"column":30}}},"29":{"name":"(anonymous_29)","line":180,"loc":{"start":{"line":180,"column":17},"end":{"line":180,"column":53}}},"30":{"name":"(anonymous_30)","line":192,"loc":{"start":{"line":192,"column":19},"end":{"line":192,"column":61}}},"31":{"name":"(anonymous_31)","line":200,"loc":{"start":{"line":200,"column":13},"end":{"line":200,"column":26}}},"32":{"name":"(anonymous_32)","line":201,"loc":{"start":{"line":201,"column":25},"end":{"line":201,"column":51}}},"33":{"name":"(anonymous_33)","line":205,"loc":{"start":{"line":205,"column":14},"end":{"line":205,"column":29}}},"34":{"name":"(anonymous_34)","line":208,"loc":{"start":{"line":208,"column":17},"end":{"line":208,"column":33}}},"35":{"name":"(anonymous_35)","line":218,"loc":{"start":{"line":218,"column":23},"end":{"line":218,"column":55}}},"36":{"name":"(anonymous_36)","line":219,"loc":{"start":{"line":219,"column":25},"end":{"line":219,"column":51}}},"37":{"name":"(anonymous_37)","line":231,"loc":{"start":{"line":231,"column":14},"end":{"line":231,"column":29}}},"38":{"name":"(anonymous_38)","line":234,"loc":{"start":{"line":234,"column":17},"end":{"line":234,"column":33}}}},"statementMap":{"1":{"start":{"line":1,"column":0},"end":{"line":1,"column":45}},"2":{"start":{"line":2,"column":0},"end":{"line":2,"column":54}},"3":{"start":{"line":3,"column":0},"end":{"line":3,"column":45}},"4":{"start":{"line":4,"column":0},"end":{"line":4,"column":56}},"5":{"start":{"line":6,"column":0},"end":{"line":244,"column":2}},"6":{"start":{"line":7,"column":2},"end":{"line":12,"column":4}},"7":{"start":{"line":14,"column":2},"end":{"line":23,"column":4}},"8":{"start":{"line":25,"column":2},"end":{"line":243,"column":4}},"9":{"start":{"line":27,"column":6},"end":{"line":37,"column":9}},"10":{"start":{"line":28,"column":8},"end":{"line":36,"column":11}},"11":{"start":{"line":29,"column":10},"end":{"line":35,"column":11}},"12":{"start":{"line":30,"column":12},"end":{"line":30,"column":89}},"13":{"start":{"line":31,"column":12},"end":{"line":31,"column":24}},"14":{"start":{"line":33,"column":12},"end":{"line":33,"column":74}},"15":{"start":{"line":34,"column":12},"end":{"line":34,"column":22}},"16":{"start":{"line":41,"column":6},"end":{"line":69,"column":9}},"17":{"start":{"line":42,"column":8},"end":{"line":42,"column":59}},"18":{"start":{"line":44,"column":8},"end":{"line":44,"column":28}},"19":{"start":{"line":46,"column":8},"end":{"line":50,"column":9}},"20":{"start":{"line":47,"column":10},"end":{"line":47,"column":65}},"21":{"start":{"line":49,"column":10},"end":{"line":49,"column":62}},"22":{"start":{"line":52,"column":8},"end":{"line":54,"column":9}},"23":{"start":{"line":53,"column":10},"end":{"line":53,"column":41}},"24":{"start":{"line":56,"column":8},"end":{"line":56,"column":67}},"25":{"start":{"line":57,"column":8},"end":{"line":57,"column":62}},"26":{"start":{"line":59,"column":8},"end":{"line":68,"column":13}},"27":{"start":{"line":63,"column":12},"end":{"line":63,"column":64}},"28":{"start":{"line":64,"column":12},"end":{"line":64,"column":27}},"29":{"start":{"line":66,"column":12},"end":{"line":66,"column":96}},"30":{"start":{"line":67,"column":12},"end":{"line":67,"column":25}},"31":{"start":{"line":73,"column":6},"end":{"line":73,"column":22}},"32":{"start":{"line":74,"column":6},"end":{"line":89,"column":9}},"33":{"start":{"line":75,"column":8},"end":{"line":75,"column":75}},"34":{"start":{"line":76,"column":8},"end":{"line":88,"column":11}},"35":{"start":{"line":78,"column":10},"end":{"line":78,"column":92}},"36":{"start":{"line":79,"column":10},"end":{"line":79,"column":40}},"37":{"start":{"line":83,"column":10},"end":{"line":83,"column":78}},"38":{"start":{"line":84,"column":10},"end":{"line":87,"column":13}},"39":{"start":{"line":94,"column":6},"end":{"line":109,"column":9}},"40":{"start":{"line":95,"column":8},"end":{"line":95,"column":44}},"41":{"start":{"line":97,"column":8},"end":{"line":108,"column":11}},"42":{"start":{"line":99,"column":10},"end":{"line":99,"column":70}},"43":{"start":{"line":100,"column":10},"end":{"line":100,"column":56}},"44":{"start":{"line":101,"column":10},"end":{"line":101,"column":35}},"45":{"start":{"line":103,"column":10},"end":{"line":103,"column":78}},"46":{"start":{"line":104,"column":10},"end":{"line":107,"column":13}},"47":{"start":{"line":113,"column":6},"end":{"line":113,"column":22}},"48":{"start":{"line":114,"column":6},"end":{"line":131,"column":9}},"49":{"start":{"line":115,"column":8},"end":{"line":115,"column":58}},"50":{"start":{"line":116,"column":8},"end":{"line":116,"column":67}},"51":{"start":{"line":118,"column":8},"end":{"line":130,"column":11}},"52":{"start":{"line":120,"column":10},"end":{"line":126,"column":11}},"53":{"start":{"line":121,"column":12},"end":{"line":121,"column":26}},"54":{"start":{"line":122,"column":12},"end":{"line":122,"column":49}},"55":{"start":{"line":124,"column":12},"end":{"line":124,"column":30}},"56":{"start":{"line":125,"column":12},"end":{"line":125,"column":53}},"57":{"start":{"line":128,"column":12},"end":{"line":128,"column":98}},"58":{"start":{"line":129,"column":12},"end":{"line":129,"column":25}},"59":{"start":{"line":135,"column":6},"end":{"line":135,"column":22}},"60":{"start":{"line":136,"column":6},"end":{"line":154,"column":9}},"61":{"start":{"line":137,"column":8},"end":{"line":137,"column":72}},"62":{"start":{"line":139,"column":8},"end":{"line":153,"column":11}},"63":{"start":{"line":141,"column":10},"end":{"line":147,"column":11}},"64":{"start":{"line":142,"column":12},"end":{"line":142,"column":49}},"65":{"start":{"line":143,"column":12},"end":{"line":143,"column":24}},"66":{"start":{"line":145,"column":12},"end":{"line":145,"column":53}},"67":{"start":{"line":146,"column":12},"end":{"line":146,"column":28}},"68":{"start":{"line":151,"column":12},"end":{"line":151,"column":109}},"69":{"start":{"line":152,"column":12},"end":{"line":152,"column":25}},"70":{"start":{"line":158,"column":6},"end":{"line":158,"column":22}},"71":{"start":{"line":159,"column":6},"end":{"line":177,"column":9}},"72":{"start":{"line":160,"column":8},"end":{"line":160,"column":68}},"73":{"start":{"line":162,"column":8},"end":{"line":176,"column":11}},"74":{"start":{"line":164,"column":10},"end":{"line":170,"column":11}},"75":{"start":{"line":165,"column":12},"end":{"line":165,"column":49}},"76":{"start":{"line":166,"column":12},"end":{"line":166,"column":24}},"77":{"start":{"line":168,"column":12},"end":{"line":168,"column":53}},"78":{"start":{"line":169,"column":12},"end":{"line":169,"column":28}},"79":{"start":{"line":174,"column":12},"end":{"line":174,"column":108}},"80":{"start":{"line":175,"column":12},"end":{"line":175,"column":25}},"81":{"start":{"line":181,"column":6},"end":{"line":189,"column":9}},"82":{"start":{"line":193,"column":6},"end":{"line":197,"column":9}},"83":{"start":{"line":201,"column":6},"end":{"line":215,"column":9}},"84":{"start":{"line":202,"column":8},"end":{"line":202,"column":48}},"85":{"start":{"line":204,"column":8},"end":{"line":214,"column":11}},"86":{"start":{"line":206,"column":10},"end":{"line":206,"column":71}},"87":{"start":{"line":207,"column":10},"end":{"line":207,"column":35}},"88":{"start":{"line":209,"column":10},"end":{"line":209,"column":78}},"89":{"start":{"line":210,"column":10},"end":{"line":213,"column":13}},"90":{"start":{"line":219,"column":6},"end":{"line":241,"column":9}},"91":{"start":{"line":220,"column":8},"end":{"line":220,"column":78}},"92":{"start":{"line":222,"column":8},"end":{"line":226,"column":10}},"93":{"start":{"line":228,"column":8},"end":{"line":228,"column":30}},"94":{"start":{"line":230,"column":8},"end":{"line":240,"column":11}},"95":{"start":{"line":232,"column":10},"end":{"line":232,"column":73}},"96":{"start":{"line":233,"column":10},"end":{"line":233,"column":35}},"97":{"start":{"line":235,"column":10},"end":{"line":235,"column":93}},"98":{"start":{"line":236,"column":10},"end":{"line":239,"column":13}}},"branchMap":{"1":{"line":29,"type":"if","locations":[{"start":{"line":29,"column":10},"end":{"line":29,"column":10}},{"start":{"line":29,"column":10},"end":{"line":29,"column":10}}]},"2":{"line":46,"type":"if","locations":[{"start":{"line":46,"column":8},"end":{"line":46,"column":8}},{"start":{"line":46,"column":8},"end":{"line":46,"column":8}}]},"3":{"line":52,"type":"if","locations":[{"start":{"line":52,"column":8},"end":{"line":52,"column":8}},{"start":{"line":52,"column":8},"end":{"line":52,"column":8}}]},"4":{"line":120,"type":"if","locations":[{"start":{"line":120,"column":10},"end":{"line":120,"column":10}},{"start":{"line":120,"column":10},"end":{"line":120,"column":10}}]},"5":{"line":141,"type":"if","locations":[{"start":{"line":141,"column":10},"end":{"line":141,"column":10}},{"start":{"line":141,"column":10},"end":{"line":141,"column":10}}]},"6":{"line":164,"type":"if","locations":[{"start":{"line":164,"column":10},"end":{"line":164,"column":10}},{"start":{"line":164,"column":10},"end":{"line":164,"column":10}}]}}},"/Users/gleissonassis/Documents/github/boiler/src/models/user.js":{"path":"/Users/gleissonassis/Documents/github/boiler/src/models/user.js","s":{"1":1,"2":1,"3":1,"4":1,"5":1,"6":1,"7":1},"b":{"1":[0,1]},"f":{"1":1},"fnMap":{"1":{"name":"(anonymous_1)","line":6,"loc":{"start":{"line":6,"column":17},"end":{"line":6,"column":27}}}},"statementMap":{"1":{"start":{"line":1,"column":0},"end":{"line":1,"column":35}},"2":{"start":{"line":2,"column":0},"end":{"line":2,"column":38}},"3":{"start":{"line":4,"column":0},"end":{"line":4,"column":17}},"4":{"start":{"line":6,"column":0},"end":{"line":73,"column":2}},"5":{"start":{"line":7,"column":2},"end":{"line":68,"column":5}},"6":{"start":{"line":70,"column":2},"end":{"line":70,"column":58}},"7":{"start":{"line":72,"column":2},"end":{"line":72,"column":15}}},"branchMap":{"1":{"line":70,"type":"cond-expr","locations":[{"start":{"line":70,"column":18},"end":{"line":70,"column":23}},{"start":{"line":70,"column":26},"end":{"line":70,"column":57}}]}}},"/Users/gleissonassis/Documents/github/boiler/src/daos/mailTemplateDAO.js":{"path":"/Users/gleissonassis/Documents/github/boiler/src/daos/mailTemplateDAO.js","s":{"1":1,"2":1,"3":1,"4":1,"5":1,"6":4,"7":4,"8":2,"9":2,"10":2,"11":0,"12":0,"13":2,"14":2,"15":10,"16":10,"17":10,"18":10,"19":10,"20":0,"21":0,"22":1,"23":1,"24":1,"25":1,"26":1,"27":1,"28":0,"29":0,"30":1,"31":1,"32":1,"33":1,"34":1,"35":1,"36":0,"37":0,"38":3,"39":3,"40":3,"41":3,"42":3,"43":1,"44":1,"45":2,"46":2,"47":2,"48":0,"49":0,"50":1,"51":1,"52":1,"53":1,"54":1,"55":0,"56":0},"b":{"1":[0,2],"2":[1,2]},"f":{"1":4,"2":2,"3":2,"4":2,"5":10,"6":10,"7":10,"8":0,"9":1,"10":1,"11":1,"12":0,"13":1,"14":1,"15":1,"16":0,"17":3,"18":3,"19":3,"20":0,"21":1,"22":1,"23":1,"24":0},"fnMap":{"1":{"name":"(anonymous_1)","line":6,"loc":{"start":{"line":6,"column":17},"end":{"line":6,"column":28}}},"2":{"name":"(anonymous_2)","line":13,"loc":{"start":{"line":13,"column":11},"end":{"line":13,"column":22}}},"3":{"name":"(anonymous_3)","line":14,"loc":{"start":{"line":14,"column":25},"end":{"line":14,"column":51}}},"4":{"name":"(anonymous_4)","line":15,"loc":{"start":{"line":15,"column":25},"end":{"line":15,"column":39}}},"5":{"name":"(anonymous_5)","line":27,"loc":{"start":{"line":27,"column":12},"end":{"line":27,"column":29}}},"6":{"name":"(anonymous_6)","line":28,"loc":{"start":{"line":28,"column":25},"end":{"line":28,"column":51}}},"7":{"name":"(anonymous_7)","line":34,"loc":{"start":{"line":34,"column":16},"end":{"line":34,"column":32}}},"8":{"name":"(anonymous_8)","line":37,"loc":{"start":{"line":37,"column":19},"end":{"line":37,"column":34}}},"9":{"name":"(anonymous_9)","line":44,"loc":{"start":{"line":44,"column":10},"end":{"line":44,"column":27}}},"10":{"name":"(anonymous_10)","line":46,"loc":{"start":{"line":46,"column":25},"end":{"line":46,"column":51}}},"11":{"name":"(anonymous_11)","line":49,"loc":{"start":{"line":49,"column":14},"end":{"line":49,"column":29}}},"12":{"name":"(anonymous_12)","line":54,"loc":{"start":{"line":54,"column":15},"end":{"line":54,"column":31}}},"13":{"name":"(anonymous_13)","line":64,"loc":{"start":{"line":64,"column":12},"end":{"line":64,"column":29}}},"14":{"name":"(anonymous_14)","line":65,"loc":{"start":{"line":65,"column":25},"end":{"line":65,"column":51}}},"15":{"name":"(anonymous_15)","line":69,"loc":{"start":{"line":69,"column":14},"end":{"line":69,"column":29}}},"16":{"name":"(anonymous_16)","line":73,"loc":{"start":{"line":73,"column":17},"end":{"line":73,"column":33}}},"17":{"name":"(anonymous_17)","line":83,"loc":{"start":{"line":83,"column":13},"end":{"line":83,"column":26}}},"18":{"name":"(anonymous_18)","line":85,"loc":{"start":{"line":85,"column":25},"end":{"line":85,"column":51}}},"19":{"name":"(anonymous_19)","line":89,"loc":{"start":{"line":89,"column":14},"end":{"line":89,"column":38}}},"20":{"name":"(anonymous_20)","line":98,"loc":{"start":{"line":98,"column":17},"end":{"line":98,"column":32}}},"21":{"name":"(anonymous_21)","line":105,"loc":{"start":{"line":105,"column":13},"end":{"line":105,"column":26}}},"22":{"name":"(anonymous_22)","line":106,"loc":{"start":{"line":106,"column":25},"end":{"line":106,"column":51}}},"23":{"name":"(anonymous_23)","line":110,"loc":{"start":{"line":110,"column":14},"end":{"line":110,"column":29}}},"24":{"name":"(anonymous_24)","line":113,"loc":{"start":{"line":113,"column":17},"end":{"line":113,"column":33}}}},"statementMap":{"1":{"start":{"line":1,"column":0},"end":{"line":1,"column":45}},"2":{"start":{"line":2,"column":0},"end":{"line":2,"column":62}},"3":{"start":{"line":3,"column":0},"end":{"line":3,"column":45}},"4":{"start":{"line":4,"column":0},"end":{"line":4,"column":56}},"5":{"start":{"line":6,"column":0},"end":{"line":123,"column":2}},"6":{"start":{"line":7,"column":2},"end":{"line":10,"column":4}},"7":{"start":{"line":12,"column":2},"end":{"line":122,"column":4}},"8":{"start":{"line":14,"column":6},"end":{"line":24,"column":9}},"9":{"start":{"line":15,"column":8},"end":{"line":23,"column":11}},"10":{"start":{"line":16,"column":10},"end":{"line":22,"column":11}},"11":{"start":{"line":17,"column":12},"end":{"line":17,"column":98}},"12":{"start":{"line":18,"column":12},"end":{"line":18,"column":24}},"13":{"start":{"line":20,"column":12},"end":{"line":20,"column":83}},"14":{"start":{"line":21,"column":12},"end":{"line":21,"column":22}},"15":{"start":{"line":28,"column":6},"end":{"line":41,"column":9}},"16":{"start":{"line":29,"column":8},"end":{"line":29,"column":68}},"17":{"start":{"line":31,"column":8},"end":{"line":40,"column":13}},"18":{"start":{"line":35,"column":12},"end":{"line":35,"column":73}},"19":{"start":{"line":36,"column":12},"end":{"line":36,"column":27}},"20":{"start":{"line":38,"column":12},"end":{"line":38,"column":97}},"21":{"start":{"line":39,"column":12},"end":{"line":39,"column":25}},"22":{"start":{"line":45,"column":6},"end":{"line":45,"column":22}},"23":{"start":{"line":46,"column":6},"end":{"line":61,"column":9}},"24":{"start":{"line":47,"column":8},"end":{"line":47,"column":83}},"25":{"start":{"line":48,"column":8},"end":{"line":60,"column":11}},"26":{"start":{"line":50,"column":10},"end":{"line":50,"column":101}},"27":{"start":{"line":51,"column":10},"end":{"line":51,"column":40}},"28":{"start":{"line":55,"column":10},"end":{"line":55,"column":87}},"29":{"start":{"line":56,"column":10},"end":{"line":59,"column":13}},"30":{"start":{"line":65,"column":6},"end":{"line":80,"column":9}},"31":{"start":{"line":66,"column":8},"end":{"line":66,"column":53}},"32":{"start":{"line":68,"column":8},"end":{"line":79,"column":11}},"33":{"start":{"line":70,"column":10},"end":{"line":70,"column":79}},"34":{"start":{"line":71,"column":10},"end":{"line":71,"column":56}},"35":{"start":{"line":72,"column":10},"end":{"line":72,"column":35}},"36":{"start":{"line":74,"column":10},"end":{"line":74,"column":85}},"37":{"start":{"line":75,"column":10},"end":{"line":78,"column":13}},"38":{"start":{"line":84,"column":6},"end":{"line":84,"column":22}},"39":{"start":{"line":85,"column":6},"end":{"line":102,"column":9}},"40":{"start":{"line":86,"column":8},"end":{"line":86,"column":67}},"41":{"start":{"line":88,"column":8},"end":{"line":101,"column":11}},"42":{"start":{"line":90,"column":10},"end":{"line":97,"column":11}},"43":{"start":{"line":91,"column":12},"end":{"line":91,"column":51}},"44":{"start":{"line":92,"column":12},"end":{"line":92,"column":26}},"45":{"start":{"line":94,"column":12},"end":{"line":94,"column":55}},"46":{"start":{"line":95,"column":12},"end":{"line":95,"column":59}},"47":{"start":{"line":96,"column":12},"end":{"line":96,"column":38}},"48":{"start":{"line":99,"column":12},"end":{"line":99,"column":106}},"49":{"start":{"line":100,"column":12},"end":{"line":100,"column":25}},"50":{"start":{"line":106,"column":6},"end":{"line":120,"column":9}},"51":{"start":{"line":107,"column":8},"end":{"line":107,"column":56}},"52":{"start":{"line":109,"column":8},"end":{"line":119,"column":11}},"53":{"start":{"line":111,"column":10},"end":{"line":111,"column":80}},"54":{"start":{"line":112,"column":10},"end":{"line":112,"column":35}},"55":{"start":{"line":114,"column":10},"end":{"line":114,"column":86}},"56":{"start":{"line":115,"column":10},"end":{"line":118,"column":13}}},"branchMap":{"1":{"line":16,"type":"if","locations":[{"start":{"line":16,"column":10},"end":{"line":16,"column":10}},{"start":{"line":16,"column":10},"end":{"line":16,"column":10}}]},"2":{"line":90,"type":"if","locations":[{"start":{"line":90,"column":10},"end":{"line":90,"column":10}},{"start":{"line":90,"column":10},"end":{"line":90,"column":10}}]}}},"/Users/gleissonassis/Documents/github/boiler/src/models/mailTemplate.js":{"path":"/Users/gleissonassis/Documents/github/boiler/src/models/mailTemplate.js","s":{"1":1,"2":1,"3":1,"4":1,"5":1,"6":1,"7":1},"b":{"1":[0,1]},"f":{"1":1},"fnMap":{"1":{"name":"(anonymous_1)","line":6,"loc":{"start":{"line":6,"column":17},"end":{"line":6,"column":27}}}},"statementMap":{"1":{"start":{"line":1,"column":0},"end":{"line":1,"column":35}},"2":{"start":{"line":2,"column":0},"end":{"line":2,"column":38}},"3":{"start":{"line":4,"column":0},"end":{"line":4,"column":17}},"4":{"start":{"line":6,"column":0},"end":{"line":37,"column":2}},"5":{"start":{"line":7,"column":2},"end":{"line":32,"column":5}},"6":{"start":{"line":34,"column":2},"end":{"line":34,"column":66}},"7":{"start":{"line":36,"column":2},"end":{"line":36,"column":15}}},"branchMap":{"1":{"line":34,"type":"cond-expr","locations":[{"start":{"line":34,"column":18},"end":{"line":34,"column":23}},{"start":{"line":34,"column":26},"end":{"line":34,"column":65}}]}}},"/Users/gleissonassis/Documents/github/boiler/src/daos/routeDAO.js":{"path":"/Users/gleissonassis/Documents/github/boiler/src/daos/routeDAO.js","s":{"1":1,"2":1,"3":1,"4":1,"5":1,"6":3,"7":3,"8":2,"9":2,"10":2,"11":0,"12":0,"13":2,"14":2,"15":9,"16":9,"17":9,"18":9,"19":9,"20":0,"21":0,"22":1,"23":1,"24":1,"25":1,"26":1,"27":1,"28":0,"29":0,"30":1,"31":1,"32":1,"33":1,"34":1,"35":1,"36":0,"37":0,"38":3,"39":3,"40":3,"41":3,"42":3,"43":1,"44":1,"45":2,"46":2,"47":2,"48":0,"49":0,"50":1,"51":1,"52":1,"53":1,"54":1,"55":0,"56":0},"b":{"1":[0,2],"2":[1,2]},"f":{"1":3,"2":2,"3":2,"4":2,"5":9,"6":9,"7":9,"8":0,"9":1,"10":1,"11":1,"12":0,"13":1,"14":1,"15":1,"16":0,"17":3,"18":3,"19":3,"20":0,"21":1,"22":1,"23":1,"24":0},"fnMap":{"1":{"name":"(anonymous_1)","line":6,"loc":{"start":{"line":6,"column":17},"end":{"line":6,"column":28}}},"2":{"name":"(anonymous_2)","line":14,"loc":{"start":{"line":14,"column":11},"end":{"line":14,"column":22}}},"3":{"name":"(anonymous_3)","line":15,"loc":{"start":{"line":15,"column":25},"end":{"line":15,"column":51}}},"4":{"name":"(anonymous_4)","line":16,"loc":{"start":{"line":16,"column":25},"end":{"line":16,"column":39}}},"5":{"name":"(anonymous_5)","line":28,"loc":{"start":{"line":28,"column":12},"end":{"line":28,"column":29}}},"6":{"name":"(anonymous_6)","line":29,"loc":{"start":{"line":29,"column":25},"end":{"line":29,"column":51}}},"7":{"name":"(anonymous_7)","line":35,"loc":{"start":{"line":35,"column":16},"end":{"line":35,"column":32}}},"8":{"name":"(anonymous_8)","line":38,"loc":{"start":{"line":38,"column":19},"end":{"line":38,"column":34}}},"9":{"name":"(anonymous_9)","line":45,"loc":{"start":{"line":45,"column":10},"end":{"line":45,"column":27}}},"10":{"name":"(anonymous_10)","line":47,"loc":{"start":{"line":47,"column":25},"end":{"line":47,"column":51}}},"11":{"name":"(anonymous_11)","line":50,"loc":{"start":{"line":50,"column":14},"end":{"line":50,"column":29}}},"12":{"name":"(anonymous_12)","line":55,"loc":{"start":{"line":55,"column":15},"end":{"line":55,"column":31}}},"13":{"name":"(anonymous_13)","line":65,"loc":{"start":{"line":65,"column":12},"end":{"line":65,"column":29}}},"14":{"name":"(anonymous_14)","line":66,"loc":{"start":{"line":66,"column":25},"end":{"line":66,"column":51}}},"15":{"name":"(anonymous_15)","line":70,"loc":{"start":{"line":70,"column":14},"end":{"line":70,"column":29}}},"16":{"name":"(anonymous_16)","line":74,"loc":{"start":{"line":74,"column":17},"end":{"line":74,"column":33}}},"17":{"name":"(anonymous_17)","line":84,"loc":{"start":{"line":84,"column":13},"end":{"line":84,"column":26}}},"18":{"name":"(anonymous_18)","line":86,"loc":{"start":{"line":86,"column":25},"end":{"line":86,"column":51}}},"19":{"name":"(anonymous_19)","line":90,"loc":{"start":{"line":90,"column":14},"end":{"line":90,"column":31}}},"20":{"name":"(anonymous_20)","line":99,"loc":{"start":{"line":99,"column":17},"end":{"line":99,"column":32}}},"21":{"name":"(anonymous_21)","line":106,"loc":{"start":{"line":106,"column":13},"end":{"line":106,"column":26}}},"22":{"name":"(anonymous_22)","line":107,"loc":{"start":{"line":107,"column":25},"end":{"line":107,"column":51}}},"23":{"name":"(anonymous_23)","line":111,"loc":{"start":{"line":111,"column":14},"end":{"line":111,"column":29}}},"24":{"name":"(anonymous_24)","line":114,"loc":{"start":{"line":114,"column":17},"end":{"line":114,"column":33}}}},"statementMap":{"1":{"start":{"line":1,"column":0},"end":{"line":1,"column":45}},"2":{"start":{"line":2,"column":0},"end":{"line":2,"column":55}},"3":{"start":{"line":3,"column":0},"end":{"line":3,"column":45}},"4":{"start":{"line":4,"column":0},"end":{"line":4,"column":56}},"5":{"start":{"line":6,"column":0},"end":{"line":124,"column":2}},"6":{"start":{"line":7,"column":2},"end":{"line":11,"column":4}},"7":{"start":{"line":13,"column":2},"end":{"line":123,"column":4}},"8":{"start":{"line":15,"column":6},"end":{"line":25,"column":9}},"9":{"start":{"line":16,"column":8},"end":{"line":24,"column":11}},"10":{"start":{"line":17,"column":10},"end":{"line":23,"column":11}},"11":{"start":{"line":18,"column":12},"end":{"line":18,"column":90}},"12":{"start":{"line":19,"column":12},"end":{"line":19,"column":24}},"13":{"start":{"line":21,"column":12},"end":{"line":21,"column":75}},"14":{"start":{"line":22,"column":12},"end":{"line":22,"column":22}},"15":{"start":{"line":29,"column":6},"end":{"line":42,"column":9}},"16":{"start":{"line":30,"column":8},"end":{"line":30,"column":60}},"17":{"start":{"line":32,"column":8},"end":{"line":41,"column":13}},"18":{"start":{"line":36,"column":12},"end":{"line":36,"column":65}},"19":{"start":{"line":37,"column":12},"end":{"line":37,"column":27}},"20":{"start":{"line":39,"column":12},"end":{"line":39,"column":89}},"21":{"start":{"line":40,"column":12},"end":{"line":40,"column":25}},"22":{"start":{"line":46,"column":6},"end":{"line":46,"column":22}},"23":{"start":{"line":47,"column":6},"end":{"line":62,"column":9}},"24":{"start":{"line":48,"column":8},"end":{"line":48,"column":75}},"25":{"start":{"line":49,"column":8},"end":{"line":61,"column":11}},"26":{"start":{"line":51,"column":10},"end":{"line":51,"column":93}},"27":{"start":{"line":52,"column":10},"end":{"line":52,"column":40}},"28":{"start":{"line":56,"column":10},"end":{"line":56,"column":79}},"29":{"start":{"line":57,"column":10},"end":{"line":60,"column":13}},"30":{"start":{"line":66,"column":6},"end":{"line":81,"column":9}},"31":{"start":{"line":67,"column":8},"end":{"line":67,"column":47}},"32":{"start":{"line":69,"column":8},"end":{"line":80,"column":11}},"33":{"start":{"line":71,"column":10},"end":{"line":71,"column":71}},"34":{"start":{"line":72,"column":10},"end":{"line":72,"column":56}},"35":{"start":{"line":73,"column":10},"end":{"line":73,"column":35}},"36":{"start":{"line":75,"column":10},"end":{"line":75,"column":77}},"37":{"start":{"line":76,"column":10},"end":{"line":79,"column":13}},"38":{"start":{"line":85,"column":6},"end":{"line":85,"column":22}},"39":{"start":{"line":86,"column":6},"end":{"line":103,"column":9}},"40":{"start":{"line":87,"column":8},"end":{"line":87,"column":59}},"41":{"start":{"line":89,"column":8},"end":{"line":102,"column":11}},"42":{"start":{"line":91,"column":10},"end":{"line":98,"column":11}},"43":{"start":{"line":92,"column":12},"end":{"line":92,"column":43}},"44":{"start":{"line":93,"column":12},"end":{"line":93,"column":26}},"45":{"start":{"line":95,"column":12},"end":{"line":95,"column":47}},"46":{"start":{"line":96,"column":12},"end":{"line":96,"column":52}},"47":{"start":{"line":97,"column":12},"end":{"line":97,"column":31}},"48":{"start":{"line":100,"column":12},"end":{"line":100,"column":98}},"49":{"start":{"line":101,"column":12},"end":{"line":101,"column":25}},"50":{"start":{"line":107,"column":6},"end":{"line":121,"column":9}},"51":{"start":{"line":108,"column":8},"end":{"line":108,"column":48}},"52":{"start":{"line":110,"column":8},"end":{"line":120,"column":11}},"53":{"start":{"line":112,"column":10},"end":{"line":112,"column":72}},"54":{"start":{"line":113,"column":10},"end":{"line":113,"column":35}},"55":{"start":{"line":115,"column":10},"end":{"line":115,"column":78}},"56":{"start":{"line":116,"column":10},"end":{"line":119,"column":13}}},"branchMap":{"1":{"line":17,"type":"if","locations":[{"start":{"line":17,"column":10},"end":{"line":17,"column":10}},{"start":{"line":17,"column":10},"end":{"line":17,"column":10}}]},"2":{"line":91,"type":"if","locations":[{"start":{"line":91,"column":10},"end":{"line":91,"column":10}},{"start":{"line":91,"column":10},"end":{"line":91,"column":10}}]}}},"/Users/gleissonassis/Documents/github/boiler/src/models/route.js":{"path":"/Users/gleissonassis/Documents/github/boiler/src/models/route.js","s":{"1":1,"2":1,"3":1,"4":1,"5":1,"6":1,"7":1},"b":{"1":[0,1]},"f":{"1":1},"fnMap":{"1":{"name":"(anonymous_1)","line":6,"loc":{"start":{"line":6,"column":17},"end":{"line":6,"column":27}}}},"statementMap":{"1":{"start":{"line":1,"column":0},"end":{"line":1,"column":35}},"2":{"start":{"line":2,"column":0},"end":{"line":2,"column":38}},"3":{"start":{"line":4,"column":0},"end":{"line":4,"column":17}},"4":{"start":{"line":6,"column":0},"end":{"line":37,"column":2}},"5":{"start":{"line":7,"column":2},"end":{"line":32,"column":5}},"6":{"start":{"line":34,"column":2},"end":{"line":34,"column":59}},"7":{"start":{"line":36,"column":2},"end":{"line":36,"column":15}}},"branchMap":{"1":{"line":34,"type":"cond-expr","locations":[{"start":{"line":34,"column":18},"end":{"line":34,"column":23}},{"start":{"line":34,"column":26},"end":{"line":34,"column":58}}]}}},"/Users/gleissonassis/Documents/github/boiler/src/models/modelParser.js":{"path":"/Users/gleissonassis/Documents/github/boiler/src/models/modelParser.js","s":{"1":1,"2":10,"3":54,"4":54,"5":33,"6":54,"7":54,"8":42,"9":42,"10":11,"11":11,"12":8,"13":0,"14":8,"15":0,"16":8,"17":3,"18":3,"19":3,"20":11},"b":{"1":[33,21],"2":[8,3],"3":[0,8],"4":[0,8]},"f":{"1":10,"2":54,"3":42,"4":11},"fnMap":{"1":{"name":"(anonymous_1)","line":1,"loc":{"start":{"line":1,"column":17},"end":{"line":1,"column":28}}},"2":{"name":"(anonymous_2)","line":3,"loc":{"start":{"line":3,"column":11},"end":{"line":3,"column":28}}},"3":{"name":"(anonymous_3)","line":14,"loc":{"start":{"line":14,"column":15},"end":{"line":14,"column":30}}},"4":{"name":"(anonymous_4)","line":20,"loc":{"start":{"line":20,"column":13},"end":{"line":20,"column":37}}}},"statementMap":{"1":{"start":{"line":1,"column":0},"end":{"line":41,"column":2}},"2":{"start":{"line":2,"column":2},"end":{"line":40,"column":4}},"3":{"start":{"line":4,"column":6},"end":{"line":4,"column":40}},"4":{"start":{"line":6,"column":6},"end":{"line":8,"column":7}},"5":{"start":{"line":7,"column":8},"end":{"line":7,"column":32}},"6":{"start":{"line":9,"column":6},"end":{"line":9,"column":19}},"7":{"start":{"line":11,"column":6},"end":{"line":11,"column":15}},"8":{"start":{"line":15,"column":6},"end":{"line":15,"column":50}},"9":{"start":{"line":17,"column":6},"end":{"line":17,"column":15}},"10":{"start":{"line":21,"column":6},"end":{"line":21,"column":40}},"11":{"start":{"line":23,"column":6},"end":{"line":36,"column":7}},"12":{"start":{"line":24,"column":8},"end":{"line":26,"column":9}},"13":{"start":{"line":25,"column":10},"end":{"line":25,"column":23}},"14":{"start":{"line":27,"column":8},"end":{"line":29,"column":9}},"15":{"start":{"line":28,"column":10},"end":{"line":28,"column":22}},"16":{"start":{"line":31,"column":8},"end":{"line":31,"column":27}},"17":{"start":{"line":33,"column":8},"end":{"line":33,"column":21}},"18":{"start":{"line":34,"column":8},"end":{"line":34,"column":20}},"19":{"start":{"line":35,"column":8},"end":{"line":35,"column":27}},"20":{"start":{"line":38,"column":6},"end":{"line":38,"column":15}}},"branchMap":{"1":{"line":6,"type":"if","locations":[{"start":{"line":6,"column":6},"end":{"line":6,"column":6}},{"start":{"line":6,"column":6},"end":{"line":6,"column":6}}]},"2":{"line":23,"type":"if","locations":[{"start":{"line":23,"column":6},"end":{"line":23,"column":6}},{"start":{"line":23,"column":6},"end":{"line":23,"column":6}}]},"3":{"line":24,"type":"if","locations":[{"start":{"line":24,"column":8},"end":{"line":24,"column":8}},{"start":{"line":24,"column":8},"end":{"line":24,"column":8}}]},"4":{"line":27,"type":"if","locations":[{"start":{"line":27,"column":8},"end":{"line":27,"column":8}},{"start":{"line":27,"column":8},"end":{"line":27,"column":8}}]}}},"/Users/gleissonassis/Documents/github/boiler/src/helpers/jwtHelper.js":{"path":"/Users/gleissonassis/Documents/github/boiler/src/helpers/jwtHelper.js","s":{"1":1,"2":1,"3":1,"4":9,"5":10,"6":29,"7":29,"8":0,"9":0},"b":{},"f":{"1":9,"2":10,"3":29},"fnMap":{"1":{"name":"(anonymous_1)","line":4,"loc":{"start":{"line":4,"column":17},"end":{"line":4,"column":28}}},"2":{"name":"(anonymous_2)","line":8,"loc":{"start":{"line":8,"column":17},"end":{"line":8,"column":32}}},"3":{"name":"(anonymous_3)","line":12,"loc":{"start":{"line":12,"column":17},"end":{"line":12,"column":33}}}},"statementMap":{"1":{"start":{"line":1,"column":0},"end":{"line":1,"column":44}},"2":{"start":{"line":2,"column":0},"end":{"line":2,"column":50}},"3":{"start":{"line":4,"column":0},"end":{"line":21,"column":2}},"4":{"start":{"line":5,"column":2},"end":{"line":20,"column":4}},"5":{"start":{"line":9,"column":6},"end":{"line":9,"column":86}},"6":{"start":{"line":13,"column":6},"end":{"line":18,"column":7}},"7":{"start":{"line":14,"column":8},"end":{"line":14,"column":54}},"8":{"start":{"line":16,"column":8},"end":{"line":16,"column":25}},"9":{"start":{"line":17,"column":8},"end":{"line":17,"column":20}}},"branchMap":{}},"/Users/gleissonassis/Documents/github/boiler/src/config/settings.js":{"path":"/Users/gleissonassis/Documents/github/boiler/src/config/settings.js","s":{"1":1,"2":1,"3":1,"4":1,"5":1,"6":1,"7":1,"8":1,"9":1,"10":1,"11":1,"12":0,"13":1,"14":1,"15":1,"16":1,"17":0,"18":1,"19":1,"20":1,"21":1,"22":0,"23":1,"24":1,"25":1,"26":0,"27":1,"28":1,"29":1,"30":1,"31":1,"32":0,"33":1,"34":1,"35":1,"36":1,"37":1,"38":1,"39":1},"b":{"1":[1,0],"2":[1,0]},"f":{},"fnMap":{},"statementMap":{"1":{"start":{"line":1,"column":0},"end":{"line":1,"column":36}},"2":{"start":{"line":2,"column":0},"end":{"line":2,"column":37}},"3":{"start":{"line":4,"column":0},"end":{"line":4,"column":24}},"4":{"start":{"line":5,"column":0},"end":{"line":5,"column":25}},"5":{"start":{"line":6,"column":0},"end":{"line":6,"column":23}},"6":{"start":{"line":8,"column":0},"end":{"line":8,"column":56}},"7":{"start":{"line":10,"column":0},"end":{"line":10,"column":48}},"8":{"start":{"line":12,"column":0},"end":{"line":18,"column":1}},"9":{"start":{"line":13,"column":2},"end":{"line":13,"column":57}},"10":{"start":{"line":14,"column":2},"end":{"line":14,"column":48}},"11":{"start":{"line":15,"column":2},"end":{"line":15,"column":56}},"12":{"start":{"line":17,"column":2},"end":{"line":17,"column":59}},"13":{"start":{"line":20,"column":0},"end":{"line":26,"column":1}},"14":{"start":{"line":21,"column":2},"end":{"line":21,"column":58}},"15":{"start":{"line":22,"column":2},"end":{"line":22,"column":50}},"16":{"start":{"line":23,"column":2},"end":{"line":23,"column":57}},"17":{"start":{"line":25,"column":2},"end":{"line":25,"column":59}},"18":{"start":{"line":28,"column":0},"end":{"line":34,"column":1}},"19":{"start":{"line":29,"column":2},"end":{"line":29,"column":54}},"20":{"start":{"line":30,"column":2},"end":{"line":30,"column":48}},"21":{"start":{"line":31,"column":2},"end":{"line":31,"column":53}},"22":{"start":{"line":33,"column":2},"end":{"line":33,"column":55}},"23":{"start":{"line":36,"column":0},"end":{"line":42,"column":1}},"24":{"start":{"line":37,"column":2},"end":{"line":37,"column":54}},"25":{"start":{"line":38,"column":2},"end":{"line":38,"column":62}},"26":{"start":{"line":39,"column":2},"end":{"line":39,"column":53}},"27":{"start":{"line":41,"column":2},"end":{"line":41,"column":47}},"28":{"start":{"line":44,"column":0},"end":{"line":50,"column":1}},"29":{"start":{"line":45,"column":2},"end":{"line":45,"column":55}},"30":{"start":{"line":46,"column":2},"end":{"line":46,"column":50}},"31":{"start":{"line":47,"column":2},"end":{"line":47,"column":54}},"32":{"start":{"line":49,"column":2},"end":{"line":49,"column":48}},"33":{"start":{"line":52,"column":0},"end":{"line":52,"column":27}},"34":{"start":{"line":54,"column":0},"end":{"line":56,"column":1}},"35":{"start":{"line":55,"column":2},"end":{"line":55,"column":41}},"36":{"start":{"line":59,"column":0},"end":{"line":59,"column":59}},"37":{"start":{"line":62,"column":0},"end":{"line":62,"column":56}},"38":{"start":{"line":64,"column":0},"end":{"line":64,"column":81}},"39":{"start":{"line":66,"column":0},"end":{"line":66,"column":31}}},"branchMap":{"1":{"line":8,"type":"binary-expr","locations":[{"start":{"line":8,"column":11},"end":{"line":8,"column":31}},{"start":{"line":8,"column":35},"end":{"line":8,"column":40}}]},"2":{"line":54,"type":"if","locations":[{"start":{"line":54,"column":0},"end":{"line":54,"column":0}},{"start":{"line":54,"column":0},"end":{"line":54,"column":0}}]}}},"/Users/gleissonassis/Documents/github/boiler/src/config/settings.common.js":{"path":"/Users/gleissonassis/Documents/github/boiler/src/config/settings.common.js","s":{"1":1,"2":1},"b":{"1":[1,1],"2":[1,1],"3":[1,1]},"f":{},"fnMap":{},"statementMap":{"1":{"start":{"line":1,"column":0},"end":{"line":1,"column":32}},"2":{"start":{"line":3,"column":0},"end":{"line":22,"column":2}}},"branchMap":{"1":{"line":5,"type":"binary-expr","locations":[{"start":{"line":5,"column":22},"end":{"line":5,"column":43}},{"start":{"line":5,"column":47},"end":{"line":5,"column":58}}]},"2":{"line":6,"type":"binary-expr","locations":[{"start":{"line":6,"column":22},"end":{"line":6,"column":41}},{"start":{"line":6,"column":47},"end":{"line":6,"column":71}}]},"3":{"line":7,"type":"binary-expr","locations":[{"start":{"line":7,"column":18},"end":{"line":7,"column":34}},{"start":{"line":7,"column":38},"end":{"line":7,"column":42}}]}}},"/Users/gleissonassis/Documents/github/boiler/src/config/settings.private.js":{"path":"/Users/gleissonassis/Documents/github/boiler/src/config/settings.private.js","s":{"1":1},"b":{},"f":{},"fnMap":{},"statementMap":{"1":{"start":{"line":1,"column":0},"end":{"line":15,"column":2}}},"branchMap":{}},"/Users/gleissonassis/Documents/github/boiler/src/config/settings.dev.js":{"path":"/Users/gleissonassis/Documents/github/boiler/src/config/settings.dev.js","s":{"1":1},"b":{},"f":{},"fnMap":{},"statementMap":{"1":{"start":{"line":1,"column":0},"end":{"line":1,"column":20}}},"branchMap":{}},"/Users/gleissonassis/Documents/github/boiler/src/config/settings.production.js":{"path":"/Users/gleissonassis/Documents/github/boiler/src/config/settings.production.js","s":{"1":1},"b":{},"f":{},"fnMap":{},"statementMap":{"1":{"start":{"line":1,"column":0},"end":{"line":8,"column":2}}},"branchMap":{}},"/Users/gleissonassis/Documents/github/boiler/src/config/settings.test.js":{"path":"/Users/gleissonassis/Documents/github/boiler/src/config/settings.test.js","s":{"1":1},"b":{},"f":{},"fnMap":{},"statementMap":{"1":{"start":{"line":1,"column":0},"end":{"line":3,"column":2}}},"branchMap":{}},"/Users/gleissonassis/Documents/github/boiler/src/business/routeBO.js":{"path":"/Users/gleissonassis/Documents/github/boiler/src/business/routeBO.js","s":{"1":1,"2":1,"3":1,"4":3,"5":3,"6":3,"7":2,"8":6,"9":6,"10":6,"11":6,"12":6,"13":3,"14":1,"15":1,"16":1,"17":1,"18":1,"19":1,"20":1,"21":1,"22":0,"23":1,"24":1,"25":1,"26":1,"27":1,"28":1,"29":1,"30":0,"31":1,"32":2,"33":2,"34":2,"35":1,"36":1,"37":2,"38":2,"39":2,"40":2,"41":2,"42":0,"43":0,"44":2,"45":1,"46":1,"47":1,"48":1,"49":0,"50":1,"51":0,"52":0,"53":0,"54":0},"b":{"1":[1,0],"2":[1,0],"3":[1,0,0],"4":[1,1],"5":[0,2],"6":[0,1]},"f":{"1":3,"2":2,"3":6,"4":6,"5":6,"6":3,"7":1,"8":1,"9":1,"10":1,"11":1,"12":1,"13":1,"14":1,"15":2,"16":2,"17":2,"18":2,"19":2,"20":2,"21":1,"22":1,"23":1,"24":0,"25":0},"fnMap":{"1":{"name":"(anonymous_1)","line":4,"loc":{"start":{"line":4,"column":17},"end":{"line":4,"column":40}}},"2":{"name":"(anonymous_2)","line":11,"loc":{"start":{"line":11,"column":11},"end":{"line":11,"column":22}}},"3":{"name":"(anonymous_3)","line":15,"loc":{"start":{"line":15,"column":12},"end":{"line":15,"column":29}}},"4":{"name":"(anonymous_4)","line":16,"loc":{"start":{"line":16,"column":25},"end":{"line":16,"column":51}}},"5":{"name":"(anonymous_5)","line":20,"loc":{"start":{"line":20,"column":16},"end":{"line":20,"column":28}}},"6":{"name":"(anonymous_6)","line":21,"loc":{"start":{"line":21,"column":26},"end":{"line":21,"column":41}}},"7":{"name":"(anonymous_7)","line":29,"loc":{"start":{"line":29,"column":10},"end":{"line":29,"column":27}}},"8":{"name":"(anonymous_8)","line":32,"loc":{"start":{"line":32,"column":25},"end":{"line":32,"column":51}}},"9":{"name":"(anonymous_9)","line":34,"loc":{"start":{"line":34,"column":16},"end":{"line":34,"column":32}}},"10":{"name":"(anonymous_10)","line":47,"loc":{"start":{"line":47,"column":16},"end":{"line":47,"column":28}}},"11":{"name":"(anonymous_11)","line":54,"loc":{"start":{"line":54,"column":12},"end":{"line":54,"column":29}}},"12":{"name":"(anonymous_12)","line":57,"loc":{"start":{"line":57,"column":25},"end":{"line":57,"column":51}}},"13":{"name":"(anonymous_13)","line":60,"loc":{"start":{"line":60,"column":16},"end":{"line":60,"column":32}}},"14":{"name":"(anonymous_14)","line":70,"loc":{"start":{"line":70,"column":16},"end":{"line":70,"column":28}}},"15":{"name":"(anonymous_15)","line":78,"loc":{"start":{"line":78,"column":13},"end":{"line":78,"column":26}}},"16":{"name":"(anonymous_16)","line":79,"loc":{"start":{"line":79,"column":25},"end":{"line":79,"column":51}}},"17":{"name":"(anonymous_17)","line":81,"loc":{"start":{"line":81,"column":16},"end":{"line":81,"column":32}}},"18":{"name":"(anonymous_18)","line":96,"loc":{"start":{"line":96,"column":14},"end":{"line":96,"column":28}}},"19":{"name":"(anonymous_19)","line":99,"loc":{"start":{"line":99,"column":25},"end":{"line":99,"column":51}}},"20":{"name":"(anonymous_20)","line":105,"loc":{"start":{"line":105,"column":16},"end":{"line":105,"column":33}}},"21":{"name":"(anonymous_21)","line":118,"loc":{"start":{"line":118,"column":12},"end":{"line":118,"column":25}}},"22":{"name":"(anonymous_22)","line":121,"loc":{"start":{"line":121,"column":25},"end":{"line":121,"column":51}}},"23":{"name":"(anonymous_23)","line":123,"loc":{"start":{"line":123,"column":16},"end":{"line":123,"column":32}}},"24":{"name":"(anonymous_24)","line":138,"loc":{"start":{"line":138,"column":27},"end":{"line":138,"column":50}}},"25":{"name":"(anonymous_25)","line":141,"loc":{"start":{"line":141,"column":25},"end":{"line":141,"column":51}}}},"statementMap":{"1":{"start":{"line":1,"column":0},"end":{"line":1,"column":41}},"2":{"start":{"line":2,"column":0},"end":{"line":2,"column":50}},"3":{"start":{"line":4,"column":0},"end":{"line":153,"column":2}},"4":{"start":{"line":5,"column":2},"end":{"line":5,"column":39}},"5":{"start":{"line":6,"column":2},"end":{"line":6,"column":45}},"6":{"start":{"line":8,"column":2},"end":{"line":152,"column":4}},"7":{"start":{"line":12,"column":6},"end":{"line":12,"column":30}},"8":{"start":{"line":16,"column":6},"end":{"line":26,"column":9}},"9":{"start":{"line":17,"column":8},"end":{"line":17,"column":32}},"10":{"start":{"line":18,"column":8},"end":{"line":18,"column":61}},"11":{"start":{"line":19,"column":8},"end":{"line":25,"column":25}},"12":{"start":{"line":21,"column":12},"end":{"line":23,"column":16}},"13":{"start":{"line":22,"column":14},"end":{"line":22,"column":45}},"14":{"start":{"line":30,"column":6},"end":{"line":30,"column":22}},"15":{"start":{"line":32,"column":6},"end":{"line":51,"column":9}},"16":{"start":{"line":33,"column":8},"end":{"line":50,"column":25}},"17":{"start":{"line":35,"column":12},"end":{"line":45,"column":13}},"18":{"start":{"line":36,"column":14},"end":{"line":36,"column":81}},"19":{"start":{"line":37,"column":14},"end":{"line":37,"column":56}},"20":{"start":{"line":38,"column":14},"end":{"line":38,"column":73}},"21":{"start":{"line":39,"column":14},"end":{"line":39,"column":38}},"22":{"start":{"line":41,"column":14},"end":{"line":44,"column":16}},"23":{"start":{"line":48,"column":12},"end":{"line":48,"column":42}},"24":{"start":{"line":55,"column":6},"end":{"line":55,"column":22}},"25":{"start":{"line":57,"column":6},"end":{"line":75,"column":9}},"26":{"start":{"line":58,"column":8},"end":{"line":58,"column":51}},"27":{"start":{"line":59,"column":8},"end":{"line":74,"column":25}},"28":{"start":{"line":61,"column":12},"end":{"line":68,"column":13}},"29":{"start":{"line":62,"column":14},"end":{"line":62,"column":40}},"30":{"start":{"line":64,"column":14},"end":{"line":67,"column":16}},"31":{"start":{"line":71,"column":12},"end":{"line":71,"column":40}},"32":{"start":{"line":79,"column":6},"end":{"line":93,"column":9}},"33":{"start":{"line":80,"column":8},"end":{"line":92,"column":25}},"34":{"start":{"line":82,"column":12},"end":{"line":89,"column":13}},"35":{"start":{"line":83,"column":14},"end":{"line":83,"column":46}},"36":{"start":{"line":85,"column":14},"end":{"line":88,"column":16}},"37":{"start":{"line":97,"column":6},"end":{"line":97,"column":22}},"38":{"start":{"line":99,"column":6},"end":{"line":115,"column":9}},"39":{"start":{"line":100,"column":8},"end":{"line":102,"column":10}},"40":{"start":{"line":104,"column":8},"end":{"line":114,"column":25}},"41":{"start":{"line":106,"column":12},"end":{"line":111,"column":13}},"42":{"start":{"line":107,"column":14},"end":{"line":107,"column":75}},"43":{"start":{"line":108,"column":14},"end":{"line":108,"column":31}},"44":{"start":{"line":110,"column":14},"end":{"line":110,"column":26}},"45":{"start":{"line":119,"column":6},"end":{"line":119,"column":22}},"46":{"start":{"line":121,"column":6},"end":{"line":135,"column":9}},"47":{"start":{"line":122,"column":8},"end":{"line":134,"column":25}},"48":{"start":{"line":124,"column":12},"end":{"line":131,"column":13}},"49":{"start":{"line":125,"column":14},"end":{"line":128,"column":16}},"50":{"start":{"line":130,"column":14},"end":{"line":130,"column":42}},"51":{"start":{"line":139,"column":6},"end":{"line":139,"column":22}},"52":{"start":{"line":141,"column":6},"end":{"line":150,"column":9}},"53":{"start":{"line":142,"column":8},"end":{"line":145,"column":10}},"54":{"start":{"line":147,"column":8},"end":{"line":149,"column":25}}},"branchMap":{"1":{"line":35,"type":"if","locations":[{"start":{"line":35,"column":12},"end":{"line":35,"column":12}},{"start":{"line":35,"column":12},"end":{"line":35,"column":12}}]},"2":{"line":61,"type":"if","locations":[{"start":{"line":61,"column":12},"end":{"line":61,"column":12}},{"start":{"line":61,"column":12},"end":{"line":61,"column":12}}]},"3":{"line":61,"type":"binary-expr","locations":[{"start":{"line":61,"column":16},"end":{"line":61,"column":22}},{"start":{"line":61,"column":27},"end":{"line":61,"column":32}},{"start":{"line":61,"column":36},"end":{"line":61,"column":58}}]},"4":{"line":82,"type":"if","locations":[{"start":{"line":82,"column":12},"end":{"line":82,"column":12}},{"start":{"line":82,"column":12},"end":{"line":82,"column":12}}]},"5":{"line":106,"type":"if","locations":[{"start":{"line":106,"column":12},"end":{"line":106,"column":12}},{"start":{"line":106,"column":12},"end":{"line":106,"column":12}}]},"6":{"line":124,"type":"if","locations":[{"start":{"line":124,"column":12},"end":{"line":124,"column":12}},{"start":{"line":124,"column":12},"end":{"line":124,"column":12}}]}}},"/Users/gleissonassis/Documents/github/boiler/src/helpers/sendMailHelper.js":{"path":"/Users/gleissonassis/Documents/github/boiler/src/helpers/sendMailHelper.js","s":{"1":1,"2":1,"3":1,"4":1,"5":3,"6":1,"7":1,"8":1,"9":1,"10":1,"11":1,"12":1,"13":1,"14":0,"15":0,"16":1,"17":1,"18":0,"19":0,"20":1},"b":{"1":[0,1]},"f":{"1":3,"2":1,"3":1,"4":1},"fnMap":{"1":{"name":"SendMailHelper","line":5,"loc":{"start":{"line":5,"column":0},"end":{"line":5,"column":36}}},"2":{"name":"(anonymous_2)","line":9,"loc":{"start":{"line":9,"column":10},"end":{"line":9,"column":32}}},"3":{"name":"(anonymous_3)","line":12,"loc":{"start":{"line":12,"column":25},"end":{"line":12,"column":52}}},"4":{"name":"(anonymous_4)","line":19,"loc":{"start":{"line":19,"column":44},"end":{"line":19,"column":65}}}},"statementMap":{"1":{"start":{"line":1,"column":0},"end":{"line":1,"column":39}},"2":{"start":{"line":2,"column":0},"end":{"line":2,"column":48}},"3":{"start":{"line":3,"column":0},"end":{"line":3,"column":50}},"4":{"start":{"line":5,"column":0},"end":{"lin
[...]
6},"end":{"line":58,"column":37}},{"start":{"line":58,"column":41},"end":{"line":58,"column":66}}]}}},"/Users/gleissonassis/Documents/github/boiler/src/helpers/stringReplacerHelper.js":{"path":"/Users/gleissonassis/Documents/github/boiler/src/helpers/stringReplacerHelper.js","s":{"1":1,"2":2,"3":0,"4":0},"b":{},"f":{"1":2,"2":0,"3":0},"fnMap":{"1":{"name":"(anonymous_1)","line":1,"loc":{"start":{"line":1,"column":17},"end":{"line":1,"column":28}}},"2":{"name":"(anonymous_2)","line":3,"loc":{"start":{"line":3,"column":18},"end":{"line":3,"column":32}}},"3":{"name":"(anonymous_3)","line":7,"loc":{"start":{"line":7,"column":16},"end":{"line":7,"column":45}}}},"statementMap":{"1":{"start":{"line":1,"column":0},"end":{"line":11,"column":2}},"2":{"start":{"line":2,"column":2},"end":{"line":10,"column":4}},"3":{"start":{"line":4,"column":6},"end":{"line":4,"column":64}},"4":{"start":{"line":8,"column":6},"end":{"line":8,"column":76}}},"branchMap":{}},"/Users/gleissonassis/Documents/github/boiler/src/api/controllers/route.js":{"path":"/Users/gleissonassis/Documents/github/boiler/src/api/controllers/route.js","s":{"1":1,"2":1,"3":1,"4":1,"5":1,"6":1,"7":1,"8":4,"9":4,"10":1,"11":1,"12":1,"13":1,"14":1,"15":1,"16":1,"17":1,"18":1,"19":1,"20":1,"21":1},"b":{},"f":{"1":1,"2":4,"3":1,"4":1,"5":1,"6":1,"7":1},"fnMap":{"1":{"name":"(anonymous_1)","line":6,"loc":{"start":{"line":6,"column":17},"end":{"line":6,"column":28}}},"2":{"name":"(anonymous_2)","line":13,"loc":{"start":{"line":13,"column":12},"end":{"line":13,"column":31}}},"3":{"name":"(anonymous_3)","line":20,"loc":{"start":{"line":20,"column":10},"end":{"line":20,"column":29}}},"4":{"name":"(anonymous_4)","line":24,"loc":{"start":{"line":24,"column":14},"end":{"line":24,"column":26}}},"5":{"name":"(anonymous_5)","line":30,"loc":{"start":{"line":30,"column":12},"end":{"line":30,"column":31}}},"6":{"name":"(anonymous_6)","line":39,"loc":{"start":{"line":39,"column":13},"end":{"line":39,"column":32}}},"7":{"name":"(anonymous_7)","line":46,"loc":{"start":{"line":46,"column":12},"end":{"line":46,"column":31}}}},"statementMap":{"1":{"start":{"line":1,"column":0},"end":{"line":1,"column":62}},"2":{"start":{"line":2,"column":0},"end":{"line":2,"column":61}},"3":{"start":{"line":3,"column":0},"end":{"line":3,"column":72}},"4":{"start":{"line":4,"column":0},"end":{"line":4,"column":64}},"5":{"start":{"line":6,"column":0},"end":{"line":53,"column":2}},"6":{"start":{"line":7,"column":2},"end":{"line":10,"column":5}},"7":{"start":{"line":12,"column":2},"end":{"line":52,"column":4}},"8":{"start":{"line":14,"column":6},"end":{"line":14,"column":48}},"9":{"start":{"line":15,"column":6},"end":{"line":17,"column":25}},"10":{"start":{"line":21,"column":6},"end":{"line":21,"column":48}},"11":{"start":{"line":22,"column":6},"end":{"line":22,"column":42}},"12":{"start":{"line":23,"column":6},"end":{"line":27,"column":25}},"13":{"start":{"line":25,"column":10},"end":{"line":25,"column":24}},"14":{"start":{"line":31,"column":6},"end":{"line":31,"column":48}},"15":{"start":{"line":32,"column":6},"end":{"line":32,"column":42}},"16":{"start":{"line":33,"column":6},"end":{"line":33,"column":34}},"17":{"start":{"line":34,"column":6},"end":{"line":36,"column":25}},"18":{"start":{"line":40,"column":6},"end":{"line":40,"column":48}},"19":{"start":{"line":41,"column":6},"end":{"line":43,"column":25}},"20":{"start":{"line":47,"column":6},"end":{"line":47,"column":48}},"21":{"start":{"line":48,"column":6},"end":{"line":50,"column":25}}},"branchMap":{}},"/Users/gleissonassis/Documents/github/boiler/src/api/controllers/user.js":{"path":"/Users/gleissonassis/Documents/github/boiler/src/api/controllers/user.js","s":{"1":1,"2":1,"3":1,"4":1,"5":1,"6":1,"7":1,"8":1,"9":1,"10":1,"11":1,"12":1,"13":1,"14":1,"15":1,"16":1,"17":1,"18":1,"19":1,"20":2,"21":2,"22":2,"23":2,"24":2,"25":2,"26":1,"27":1,"28":1,"29":1,"30":1,"31":1,"32":1,"33":1,"34":1,"35":0,"36":0,"37":0,"38":1,"39":1,"40":2,"41":2,"42":6,"43":6,"44":1,"45":1,"46":0,"47":0,"48":0,"49":0,"50":0,"51":0,"52":0,"53":0,"54":0,"55":0},"b":{"1":[2,0],"2":[1,1,1],"3":[1,0],"4":[6,6,6],"5":[0,0,0]},"f":{"1":1,"2":2,"3":2,"4":1,"5":1,"6":1,"7":1,"8":0,"9":1,"10":2,"11":6,"12":1,"13":0,"14":0,"15":0,"16":0},"fnMap":{"1":{"name":"(anonymous_1)","line":14,"loc":{"start":{"line":14,"column":17},"end":{"line":14,"column":28}}},"2":{"name":"(anonymous_2)","line":40,"loc":{"start":{"line":40,"column":12},"end":{"line":40,"column":31}}},"3":{"name":"(anonymous_3)","line":47,"loc":{"start":{"line":47,"column":10},"end":{"line":47,"column":29}}},"4":{"name":"(anonymous_4)","line":55,"loc":{"start":{"line":55,"column":14},"end":{"line":55,"column":25}}},"5":{"name":"(anonymous_5)","line":61,"loc":{"start":{"line":61,"column":14},"end":{"line":61,"column":26}}},"6":{"name":"(anonymous_6)","line":67,"loc":{"start":{"line":67,"column":12},"end":{"line":67,"column":31}}},"7":{"name":"(anonymous_7)","line":80,"loc":{"start":{"line":80,"column":13},"end":{"line":80,"column":32}}},"8":{"name":"(anonymous_8)","line":87,"loc":{"start":{"line":87,"column":14},"end":{"line":87,"column":33}}},"9":{"name":"(anonymous_9)","line":95,"loc":{"start":{"line":95,"column":11},"end":{"line":95,"column":30}}},"10":{"name":"(anonymous_10)","line":102,"loc":{"start":{"line":102,"column":12},"end":{"line":102,"column":31}}},"11":{"name":"(anonymous_11)","line":109,"loc":{"start":{"line":109,"column":10},"end":{"line":109,"column":29}}},"12":{"name":"(anonymous_12)","line":119,"loc":{"start":{"line":119,"column":21},"end":{"line":119,"column":40}}},"13":{"name":"(anonymous_13)","line":126,"loc":{"start":{"line":126,"column":17},"end":{"line":126,"column":36}}},"14":{"name":"(anonymous_14)","line":140,"loc":{"start":{"line":140,"column":22},"end":{"line":140,"column":41}}},"15":{"name":"(anonymous_15)","line":149,"loc":{"start":{"line":149,"column":19},"end":{"line":149,"column":38}}},"16":{"name":"(anonymous_16)","line":156,"loc":{"start":{"line":156,"column":17},"end":{"line":156,"column":36}}}},"statementMap":{"1":{"start":{"line":1,"column":0},"end":{"line":1,"column":61}},"2":{"start":{"line":2,"column":0},"end":{"line":2,"column":69}},"3":{"start":{"line":3,"column":0},"end":{"line":3,"column":69}},"4":{"start":{"line":4,"column":0},"end":{"line":4,"column":61}},"5":{"start":{"line":5,"column":0},"end":{"line":5,"column":72}},"6":{"start":{"line":6,"column":0},"end":{"line":6,"column":64}},"7":{"start":{"line":7,"column":0},"end":{"line":7,"column":63}},"8":{"start":{"line":8,"column":0},"end":{"line":8,"column":64}},"9":{"start":{"line":9,"column":0},"end":{"line":9,"column":71}},"10":{"start":{"line":10,"column":0},"end":{"line":10,"column":74}},"11":{"start":{"line":11,"column":0},"end":{"line":11,"column":68}},"12":{"start":{"line":12,"column":0},"end":{"line":12,"column":50}},"13":{"start":{"line":14,"column":0},"end":{"line":163,"column":2}},"14":{"start":{"line":15,"column":2},"end":{"line":15,"column":38}},"15":{"start":{"line":16,"column":2},"end":{"line":16,"column":36}},"16":{"start":{"line":18,"column":2},"end":{"line":23,"column":5}},"17":{"start":{"line":25,"column":2},"end":{"line":35,"column":5}},"18":{"start":{"line":37,"column":2},"end":{"line":37,"column":60}},"19":{"start":{"line":39,"column":2},"end":{"line":162,"column":4}},"20":{"start":{"line":41,"column":6},"end":{"line":41,"column":48}},"21":{"start":{"line":42,"column":6},"end":{"line":44,"column":25}},"22":{"start":{"line":48,"column":6},"end":{"line":48,"column":48}},"23":{"start":{"line":50,"column":6},"end":{"line":52,"column":7}},"24":{"start":{"line":51,"column":8},"end":{"line":51,"column":31}},"25":{"start":{"line":54,"column":6},"end":{"line":64,"column":25}},"26":{"start":{"line":56,"column":10},"end":{"line":59,"column":13}},"27":{"start":{"line":62,"column":10},"end":{"line":62,"column":47}},"28":{"start":{"line":68,"column":6},"end":{"line":68,"column":48}},"29":{"start":{"line":69,"column":6},"end":{"line":69,"column":34}},"30":{"start":{"line":71,"column":6},"end":{"line":73,"column":7}},"31":{"start":{"line":72,"column":8},"end":{"line":72,"column":31}},"32":{"start":{"line":75,"column":6},"end":{"line":77,"column":25}},"33":{"start":{"line":81,"column":6},"end":{"line":81,"column":48}},"34":{"start":{"line":82,"column":6},"end":{"line":84,"column":25}},"35":{"start":{"line":88,"column":6},"end":{"line":88,"column":48}},"36":{"start":{"line":89,"column":6},"end":{"line":89,"column":39}},"37":{"start":{"line":90,"column":6},"end":{"line":92,"column":25}},"38":{"start":{"line":96,"column":6},"end":{"line":96,"column":48}},"39":{"start":{"line":97,"column":6},"end":{"line":99,"column":25}},"40":{"start":{"line":103,"column":6},"end":{"line":103,"column":48}},"41":{"start":{"line":104,"column":6},"end":{"line":106,"column":25}},"42":{"start":{"line":110,"column":6},"end":{"line":110,"column":48}},"43":{"start":{"line":111,"column":6},"end":{"line":116,"column":25}},"44":{"start":{"line":120,"column":6},"end":{"line":120,"column":48}},"45":{"start":{"line":121,"column":6},"end":{"line":123,"column":25}},"46":{"start":{"line":127,"column":6},"end":{"line":127,"column":48}},"47":{"start":{"line":128,"column":6},"end":{"line":137,"column":25}},"48":{"start":{"line":141,"column":6},"end":{"line":141,"column":48}},"49":{"start":{"line":142,"column":6},"end":{"line":142,"column":26}},"50":{"start":{"line":143,"column":6},"end":{"line":143,"column":34}},"51":{"start":{"line":144,"column":6},"end":{"line":146,"column":25}},"52":{"start":{"line":150,"column":6},"end":{"line":150,"column":48}},"53":{"start":{"line":151,"column":6},"end":{"line":153,"column":25}},"54":{"start":{"line":157,"column":6},"end":{"line":157,"column":48}},"55":{"start":{"line":158,"column":6},"end":{"line":160,"column":25}}},"branchMap":{"1":{"line":50,"type":"if","locations":[{"start":{"line":50,"column":6},"end":{"line":50,"column":6}},{"start":{"line":50,"column":6},"end":{"line":50,"column":6}}]},"2":{"line":57,"type":"binary-expr","locations":[{"start":{"line":57,"column":16},"end":{"line":57,"column":46}},{"start":{"line":57,"column":50},"end":{"line":57,"column":74}},{"start":{"line":57,"column":78},"end":{"line":57,"column":106}}]},"3":{"line":71,"type":"if","locations":[{"start":{"line":71,"column":6},"end":{"line":71,"column":6}},{"start":{"line":71,"column":6},"end":{"line":71,"column":6}}]},"4":{"line":112,"type":"binary-expr","locations":[{"start":{"line":112,"column":12},"end":{"line":112,"column":42}},{"start":{"line":112,"column":46},"end":{"line":112,"column":70}},{"start":{"line":112,"column":74},"end":{"line":112,"column":102}}]},"5":{"line":131,"type":"binary-expr","locations":[{"start":{"line":131,"column":31},"end":{"line":131,"column":61}},{"start":{"line":132,"column":31},"end":{"line":132,"column":55}},{"start":{"line":133,"column":31},"end":{"line":133,"column":59}}]}}},"/Users/gleissonassis/Documents/github/boiler/src/api/routes/mailTemplate.js":{"path":"/Users/gleissonassis/Documents/github/boiler/src/api/routes/mailTemplate.js","s":{"1":1,"2":1,"3":1,"4":1,"5":1,"6":1},"b":{},"f":{"1":1},"fnMap":{"1":{"name":"(anonymous_1)","line":3,"loc":{"start":{"line":3,"column":17},"end":{"line":3,"column":31}}}},"statementMap":{"1":{"start":{"line":1,"column":0},"end":{"line":1,"column":67}},"2":{"start":{"line":3,"column":0},"end":{"line":15,"column":2}},"3":{"start":{"line":4,"column":2},"end":{"line":4,"column":42}},"4":{"start":{"line":5,"column":2},"end":{"line":5,"column":48}},"5":{"start":{"line":7,"column":2},"end":{"line":9,"column":55}},"6":{"start":{"line":11,"column":2},"end":{"line":14,"column":59}}},"branchMap":{}},"/Users/gleissonassis/Documents/github/boiler/src/api/routes/mock.js":{"path":"/Users/gleissonassis/Documents/github/boiler/src/api/routes/mock.js","s":{"1":1,"2":1,"3":1},"b":{},"f":{"1":1},"fnMap":{"1":{"name":"(anonymous_1)","line":1,"loc":{"start":{"line":1,"column":17},"end":{"line":1,"column":31}}}},"statementMap":{"1":{"start":{"line":1,"column":0},"end":{"line":6,"column":2}},"2":{"start":{"line":2,"column":2},"end":{"line":2,"column":40}},"3":{"start":{"line":4,"column":2},"end":{"line":5,"column":30}}},"branchMap":{}},"/Users/gleissonassis/Documents/github/boiler/src/api/routes/notification.js":{"path":"/Users/gleissonassis/Documents/github/boiler/src/api/routes/notification.js","s":{"1":1,"2":1,"3":1},"b":{},"f":{"1":1},"fnMap":{"1":{"name":"(anonymous_1)","line":1,"loc":{"start":{"line":1,"column":17},"end":{"line":1,"column":31}}}},"statementMap":{"1":{"start":{"line":1,"column":0},"end":{"line":6,"column":2}},"2":{"start":{"line":2,"column":2},"end":{"line":2,"column":48}},"3":{"start":{"line":4,"column":2},"end":{"line":5,"column":39}}},"branchMap":{}},"/Users/gleissonassis/Documents/github/boiler/src/api/routes/route.js":{"path":"/Users/gleissonassis/Documents/github/boiler/src/api/routes/route.js","s":{"1":1,"2":1,"3":1,"4":1,"5":1,"6":1},"b":{},"f":{"1":1},"fnMap":{"1":{"name":"(anonymous_1)","line":3,"loc":{"start":{"line":3,"column":17},"end":{"line":3,"column":31}}}},"statementMap":{"1":{"start":{"line":1,"column":0},"end":{"line":1,"column":67}},"2":{"start":{"line":3,"column":0},"end":{"line":15,"column":2}},"3":{"start":{"line":4,"column":2},"end":{"line":4,"column":42}},"4":{"start":{"line":5,"column":2},"end":{"line":5,"column":41}},"5":{"start":{"line":7,"column":2},"end":{"line":9,"column":55}},"6":{"start":{"line":11,"column":2},"end":{"line":14,"column":59}}},"branchMap":{}},"/Users/gleissonassis/Documents/github/boiler/src/api/routes/user.js":{"path":"/Users/gleissonassis/Documents/github/boiler/src/api/routes/user.js","s":{"1":1,"2":1,"3":1,"4":1,"5":1,"6":1,"7":1,"8":1,"9":1,"10":1,"11":1,"12":1,"13":1},"b":{},"f":{"1":1},"fnMap":{"1":{"name":"(anonymous_1)","line":3,"loc":{"start":{"line":3,"column":17},"end":{"line":3,"column":31}}}},"statementMap":{"1":{"start":{"line":1,"column":0},"end":{"line":1,"column":67}},"2":{"start":{"line":3,"column":0},"end":{"line":37,"column":2}},"3":{"start":{"line":4,"column":2},"end":{"line":4,"column":42}},"4":{"start":{"line":5,"column":2},"end":{"line":5,"column":40}},"5":{"start":{"line":7,"column":2},"end":{"line":9,"column":27}},"6":{"start":{"line":11,"column":2},"end":{"line":13,"column":55}},"7":{"start":{"line":15,"column":2},"end":{"line":16,"column":27}},"8":{"start":{"line":18,"column":2},"end":{"line":19,"column":62}},"9":{"start":{"line":21,"column":2},"end":{"line":24,"column":62}},"10":{"start":{"line":26,"column":2},"end":{"line":27,"column":39}},"11":{"start":{"line":29,"column":2},"end":{"line":30,"column":68}},"12":{"start":{"line":32,"column":2},"end":{"line":33,"column":34}},"13":{"start":{"line":35,"column":2},"end":{"line":36,"column":36}}},"branchMap":{}},"/Users/gleissonassis/Documents/github/boiler/src/config/database.js":{"path":"/Users/gleissonassis/Documents/github/boiler/src/config/database.js","s":{"1":1,"2":1,"3":1,"4":1,"5":1,"6":1,"7":1,"8":1,"9":1,"10":1,"11":1,"12":0,"13":1,"14":0,"15":1,"16":0,"17":0,"18":0},"b":{},"f":{"1":1,"2":1,"3":0,"4":0,"5":0,"6":0},"fnMap":{"1":{"name":"(anonymous_1)","line":6,"loc":{"start":{"line":6,"column":17},"end":{"line":6,"column":27}}},"2":{"name":"(anonymous_2)","line":11,"loc":{"start":{"line":11,"column":38},"end":{"line":11,"column":49}}},"3":{"name":"(anonymous_3)","line":15,"loc":{"start":{"line":15,"column":41},"end":{"line":15,"column":52}}},"4":{"name":"(anonymous_4)","line":19,"loc":{"start":{"line":19,"column":34},"end":{"line":19,"column":49}}},"5":{"name":"(anonymous_5)","line":23,"loc":{"start":{"line":23,"column":23},"end":{"line":23,"column":34}}},"6":{"name":"(anonymous_6)","line":24,"loc":{"start":{"line":24,"column":30},"end":{"line":24,"column":41}}}},"statementMap":{"1":{"start":{"line":1,"column":0},"end":{"line":1,"column":38}},"2":{"start":{"line":2,"column":0},"end":{"line":2,"column":40}},"3":{"start":{"line":3,"column":0},"end":{"line":3,"column":38}},"4":{"start":{"line":4,"column":0},"end":{"line":4,"column":37}},"5":{"start":{"line":6,"column":0},"end":{"line":29,"column":2}},"6":{"start":{"line":7,"column":2},"end":{"line":7,"column":62}},"7":{"start":{"line":8,"column":2},"end":{"line":8,"column":29}},"8":{"start":{"line":9,"column":2},"end":{"line":9,"column":47}},"9":{"start":{"line":11,"column":2},"end":{"line":13,"column":5}},"10":{"start":{"line":12,"column":4},"end":{"line":12,"column":63}},"11":{"start":{"line":15,"column":2},"end":{"line":17,"column":5}},"12":{"start":{"line":16,"column":4},"end":{"line":16,"column":66}},"13":{"start":{"line":19,"column":2},"end":{"line":21,"column":5}},"14":{"start":{"line":20,"column":4},"end":{"line":20,"column":45}},"15":{"start":{"line":23,"column":2},"end":{"line":28,"column":5}},"16":{"start":{"line":24,"column":4},"end":{"line":27,"column":7}},"17":{"start":{"line":25,"column":6},"end":{"line":25,"column":63}},"18":{"start":{"line":26,"column":6},"end":{"line":26,"column":22}}},"branchMap":{}},"/Users/gleissonassis/Documents/github/boiler/src/starter.js":{"path":"/Users/gleissonassis/Documents/github/boiler/src/starter.js","s":{"1":1,"2":1,"3":1,"4":1,"5":1,"6":1,"7":1,"8":1,"9":1,"10":1,"11":1,"12":1,"13":1,"14":1,"15":0,"16":0,"17":0,"18":0,"19":1,"20":1,"21":1,"22":1},"b":{"1":[1,0],"2":[1,1],"3":[0,0]},"f":{"1":1,"2":1,"3":1,"4":0,"5":1,"6":1},"fnMap":{"1":{"name":"(anonymous_1)","line":9,"loc":{"start":{"line":9,"column":17},"end":{"line":9,"column":28}}},"2":{"name":"(anonymous_2)","line":20,"loc":{"start":{"line":20,"column":21},"end":{"line":20,"column":32}}},"3":{"name":"(anonymous_3)","line":21,"loc":{"start":{"line":21,"column":29},"end":{"line":21,"column":55}}},"4":{"name":"(anonymous_4)","line":37,"loc":{"start":{"line":37,"column":17},"end":{"line":37,"column":33}}},"5":{"name":"(anonymous_5)","line":48,"loc":{"start":{"line":48,"column":26},"end":{"line":48,"column":37}}},"6":{"name":"(anonymous_6)","line":53,"loc":{"start":{"line":53,"column":14},"end":{"line":53,"column":25}}}},"statementMap":{"1":{"start":{"line":1,"column":0},"end":{"line":1,"column":57}},"2":{"start":{"line":2,"column":0},"end":{"line":2,"column":57}},"3":{"start":{"line":3,"column":0},"end":{"line":3,"column":60}},"4":{"start":{"line":4,"column":0},"end":{"line":4,"column":59}},"5":{"start":{"line":5,"column":0},"end":{"line":5,"column":60}},"6":{"start":{"line":6,"column":0},"end":{"line":6,"column":53}},"7":{"start":{"line":7,"column":0},"end":{"line":7,"column":47}},"8":{"start":{"line":9,"column":0},"end":{"line":58,"column":2}},"9":{"start":{"line":10,"column":2},"end":{"line":10,"column":38}},"10":{"start":{"line":12,"column":2},"end":{"line":17,"column":5}},"11":{"start":{"line":19,"column":2},"end":{"line":57,"column":4}},"12":{"start":{"line":21,"column":6},"end":{"line":45,"column":9}},"13":{"start":{"line":23,"column":8},"end":{"line":44,"column":9}},"14":{"start":{"line":24,"column":10},"end":{"line":24,"column":20}},"15":{"start":{"line":26,"column":10},"end":{"line":43,"column":13}},"16":{"start":{"line":38,"column":12},"end":{"line":42,"column":13}},"17":{"start":{"line":39,"column":14},"end":{"line":39,"column":24}},"18":{"start":{"line":41,"column":14},"end":{"line":41,"column":28}},"19":{"start":{"line":49,"column":6},"end":{"line":49,"column":22}},"20":{"start":{"line":50,"column":6},"end":{"line":50,"column":36}},"21":{"start":{"line":52,"column":6},"end":{"line":55,"column":11}},"22":{"start":{"line":54,"column":10},"end":{"line":54,"column":40}}},"branchMap":{"1":{"line":23,"type":"if","locations":[{"start":{"line":23,"column":8},"end":{"line":23,"column":8}},{"start":{"line":23,"column":8},"end":{"line":23,"column":8}}]},"2":{"line":23,"type":"binary-expr","locations":[{"start":{"line":23,"column":12},"end":{"line":23,"column":32}},{"start":{"line":23,"column":36},"end":{"line":23,"column":67}}]},"3":{"line":38,"type":"if","locations":[{"start":{"line":38,"column":12},"end":{"line":38,"column":12}},{"start":{"line":38,"column":12},"end":{"line":38,"column":12}}]}}}}